2019-10-03 10:07:08,127 INFO n.a.d.j.g.JsonDataGenerator [main] Overriding Simulation Config file from command line to use [ hackConfig.json ]
2019-10-03 10:07:08,142 DEBUG n.a.d.j.g.JsonDataGenerator [main] Creating Simulation Runner using Simulation Config [ hackConfig.json ]
2019-10-03 10:07:08,398 INFO n.a.d.j.g.JsonDataGenerator [main] Adding Azure IoT Hub Logger with properties: {type=iothub, connectionString=HostName=hack-eastus2-iothealthadv.azure-devices.net;DeviceId=stores;SharedAccessKey=Gy7GGHAMeIUhiGAram789wHa3PYbPC/xT2dXFF9RxOY=, protocol=HTTPS}
2019-10-03 10:07:08,660 INFO n.a.d.j.g.SimulationRunner [main] Adding EventGenerator for [ Test,storeGenerator.json ]
2019-10-03 10:07:08,664 INFO n.a.d.j.g.SimulationRunner [main] Starting Simulation
2019-10-03 10:07:08,797 DEBUG n.a.d.j.g.t.TypeHandlerFactory [Thread-1] Discovered TypeHandler [ boolean,net.acesinc.data.json.generator.types.BooleanType ]
2019-10-03 10:07:08,800 DEBUG n.a.d.j.g.t.TypeHandlerFactory [Thread-1] Discovered TypeHandler [ alpha,net.acesinc.data.json.generator.types.AlphaType ]
2019-10-03 10:07:08,801 DEBUG n.a.d.j.g.t.TypeHandlerFactory [Thread-1] Discovered TypeHandler [ counter,net.acesinc.data.json.generator.types.CounterType ]
2019-10-03 10:07:08,802 DEBUG n.a.d.j.g.t.TypeHandlerFactory [Thread-1] Discovered TypeHandler [ stringMerge,net.acesinc.data.json.generator.types.StringMergeType ]
2019-10-03 10:07:08,803 DEBUG n.a.d.j.g.t.TypeHandlerFactory [Thread-1] Discovered TypeHandler [ firstName,net.acesinc.data.json.generator.types.FirstName ]
2019-10-03 10:07:08,805 DEBUG n.a.d.j.g.t.TypeHandlerFactory [Thread-1] Discovered TypeHandler [ date,net.acesinc.data.json.generator.types.DateType ]
2019-10-03 10:07:08,806 DEBUG n.a.d.j.g.t.TypeHandlerFactory [Thread-1] Discovered TypeHandler [ double,net.acesinc.data.json.generator.types.DoubleType ]
2019-10-03 10:07:08,807 DEBUG n.a.d.j.g.t.TypeHandlerFactory [Thread-1] Discovered TypeHandler [ lastName,net.acesinc.data.json.generator.types.LastName ]
2019-10-03 10:07:08,809 DEBUG n.a.d.j.g.t.TypeHandlerFactory [Thread-1] Discovered TypeHandler [ nowTimestamp,net.acesinc.data.json.generator.types.NowTimestampType ]
2019-10-03 10:07:08,812 DEBUG n.a.d.j.g.t.TypeHandlerFactory [Thread-1] Discovered TypeHandler [ uuid,net.acesinc.data.json.generator.types.UuidType ]
2019-10-03 10:07:08,812 DEBUG n.a.d.j.g.t.TypeHandlerFactory [Thread-1] Discovered TypeHandler [ integer,net.acesinc.data.json.generator.types.IntegerType ]
2019-10-03 10:07:08,813 DEBUG n.a.d.j.g.t.TypeHandlerFactory [Thread-1] Discovered TypeHandler [ now,net.acesinc.data.json.generator.types.NowType ]
2019-10-03 10:07:08,813 DEBUG n.a.d.j.g.t.TypeHandlerFactory [Thread-1] Discovered TypeHandler [ random,net.acesinc.data.json.generator.types.RandomType ]
2019-10-03 10:07:08,814 DEBUG n.a.d.j.g.t.TypeHandlerFactory [Thread-1] Discovered TypeHandler [ alphaNumeric,net.acesinc.data.json.generator.types.AlphaNumericType ]
2019-10-03 10:07:08,815 DEBUG n.a.d.j.g.t.TypeHandlerFactory [Thread-1] Discovered TypeHandler [ randomIncrementLong,net.acesinc.data.json.generator.types.RandomIncrementLongType ]
2019-10-03 10:07:08,816 DEBUG n.a.d.j.g.t.TypeHandlerFactory [Thread-1] Discovered TypeHandler [ long,net.acesinc.data.json.generator.types.LongType ]
2019-10-03 10:07:08,817 DEBUG n.a.d.j.g.t.TypeHandlerFactory [Thread-1] Discovered TypeHandler [ timestamp,net.acesinc.data.json.generator.types.TimestampType ]
2019-10-03 10:07:09,841 TRACE n.a.d.j.g.EventGenerator [Thread-1] Generator( Test ) generated 2.0 events/sec
2019-10-03 10:07:10,848 TRACE n.a.d.j.g.EventGenerator [Thread-1] Generator( Test ) generated 2.0 events/sec
2019-10-03 10:07:11,852 TRACE n.a.d.j.g.EventGenerator [Thread-1] Generator( Test ) generated 2.0 events/sec
2019-10-03 10:07:12,861 TRACE n.a.d.j.g.EventGenerator [Thread-1] Generator( Test ) generated 2.0 events/sec
2019-10-03 10:07:13,867 TRACE n.a.d.j.g.EventGenerator [Thread-1] Generator( Test ) generated 2.0 events/sec
2019-10-03 10:07:14,871 TRACE n.a.d.j.g.EventGenerator [Thread-1] Generator( Test ) generated 2.0 events/sec
2019-10-03 10:07:15,878 TRACE n.a.d.j.g.EventGenerator [Thread-1] Generator( Test ) generated 2.0 events/sec
2019-10-03 10:07:16,883 TRACE n.a.d.j.g.EventGenerator [Thread-1] Generator( Test ) generated 2.0 events/sec
2019-10-03 10:07:17,887 TRACE n.a.d.j.g.EventGenerator [Thread-1] Generator( Test ) generated 2.0 events/sec
2019-10-03 10:07:18,891 TRACE n.a.d.j.g.EventGenerator [Thread-1] Generator( Test ) generated 2.0 events/sec
2019-10-03 10:07:19,897 TRACE n.a.d.j.g.EventGenerator [Thread-1] Generator( Test ) generated 2.0 events/sec
2019-10-03 10:07:20,901 TRACE n.a.d.j.g.EventGenerator [Thread-1] Generator( Test ) generated 2.0 events/sec
2019-10-03 10:07:21,905 TRACE n.a.d.j.g.EventGenerator [Thread-1] Generator( Test ) generated 2.0 events/sec
2019-10-03 10:07:22,909 TRACE n.a.d.j.g.EventGenerator [Thread-1] Generator( Test ) generated 2.0 events/sec
2019-10-03 10:07:23,914 TRACE n.a.d.j.g.EventGenerator [Thread-1] Generator( Test ) generated 2.0 events/sec
2019-10-03 10:07:24,918 TRACE n.a.d.j.g.EventGenerator [Thread-1] Generator( Test ) generated 2.0 events/sec
2019-10-03 10:07:25,922 TRACE n.a.d.j.g.EventGenerator [Thread-1] Generator( Test ) generated 2.0 events/sec
2019-10-03 10:07:26,925 TRACE n.a.d.j.g.EventGenerator [Thread-1] Generator( Test ) generated 2.0 events/sec
2019-10-03 10:07:27,930 TRACE n.a.d.j.g.EventGenerator [Thread-1] Generator( Test ) generated 2.0 events/sec
2019-10-03 10:07:28,935 TRACE n.a.d.j.g.EventGenerator [Thread-1] Generator( Test ) generated 2.0 events/sec
2019-10-03 10:07:29,942 TRACE n.a.d.j.g.EventGenerator [Thread-1] Generator( Test ) generated 2.0 events/sec
2019-10-03 10:07:30,946 TRACE n.a.d.j.g.EventGenerator [Thread-1] Generator( Test ) generated 2.0 events/sec
2019-10-03 10:07:31,950 TRACE n.a.d.j.g.EventGenerator [Thread-1] Generator( Test ) generated 2.0 events/sec
2019-10-03 10:07:32,956 TRACE n.a.d.j.g.EventGenerator [Thread-1] Generator( Test ) generated 2.0 events/sec
2019-10-03 10:07:33,963 TRACE n.a.d.j.g.EventGenerator [Thread-1] Generator( Test ) generated 2.0 events/sec
2019-10-03 10:07:34,968 TRACE n.a.d.j.g.EventGenerator [Thread-1] Generator( Test ) generated 2.0 events/sec
2019-10-03 10:07:35,973 TRACE n.a.d.j.g.EventGenerator [Thread-1] Generator( Test ) generated 2.0 events/sec
2019-10-03 10:07:36,978 TRACE n.a.d.j.g.EventGenerator [Thread-1] Generator( Test ) generated 2.0 events/sec
2019-10-03 10:07:37,982 TRACE n.a.d.j.g.EventGenerator [Thread-1] Generator( Test ) generated 2.0 events/sec
2019-10-03 10:07:38,994 TRACE n.a.d.j.g.EventGenerator [Thread-1] Generator( Test ) generated 2.0 events/sec
2019-10-03 10:07:40,002 TRACE n.a.d.j.g.EventGenerator [Thread-1] Generator( Test ) generated 2.0 events/sec
2019-10-03 10:07:41,011 TRACE n.a.d.j.g.EventGenerator [Thread-1] Generator( Test ) generated 2.0 events/sec
2019-10-03 10:07:42,015 TRACE n.a.d.j.g.EventGenerator [Thread-1] Generator( Test ) generated 2.0 events/sec
2019-10-03 10:07:43,017 TRACE n.a.d.j.g.EventGenerator [Thread-1] Generator( Test ) generated 2.0 events/sec
2019-10-03 10:07:44,024 TRACE n.a.d.j.g.EventGenerator [Thread-1] Generator( Test ) generated 2.0 events/sec
2019-10-03 10:07:45,028 TRACE n.a.d.j.g.EventGenerator [Thread-1] Generator( Test ) generated 2.0 events/sec
2019-10-03 10:07:46,034 TRACE n.a.d.j.g.EventGenerator [Thread-1] Generator( Test ) generated 2.0 events/sec
2019-10-03 10:07:47,073 TRACE n.a.d.j.g.EventGenerator [Thread-1] Generator( Test ) generated 2.0 events/sec
2019-10-03 10:07:48,080 TRACE n.a.d.j.g.EventGenerator [Thread-1] Generator( Test ) generated 2.0 events/sec
2019-10-03 10:07:49,090 TRACE n.a.d.j.g.EventGenerator [Thread-1] Generator( Test ) generated 2.0 events/sec
2019-10-03 10:07:50,097 TRACE n.a.d.j.g.EventGenerator [Thread-1] Generator( Test ) generated 2.0 events/sec
2019-10-03 10:07:51,100 TRACE n.a.d.j.g.EventGenerator [Thread-1] Generator( Test ) generated 2.0 events/sec
2019-10-03 10:07:52,106 TRACE n.a.d.j.g.EventGenerator [Thread-1] Generator( Test ) generated 2.0 events/sec
2019-10-03 10:07:53,113 TRACE n.a.d.j.g.EventGenerator [Thread-1] Generator( Test ) generated 2.0 events/sec
2019-10-03 10:07:54,117 TRACE n.a.d.j.g.EventGenerator [Thread-1] Generator( Test ) generated 2.0 events/sec
2019-10-03 10:07:55,121 TRACE n.a.d.j.g.EventGenerator [Thread-1] Generator( Test ) generated 2.0 events/sec
2019-10-03 10:07:56,124 TRACE n.a.d.j.g.EventGenerator [Thread-1] Generator( Test ) generated 2.0 events/sec
2019-10-03 10:07:57,126 TRACE n.a.d.j.g.EventGenerator [Thread-1] Generator( Test ) generated 2.0 events/sec
2019-10-03 10:07:58,130 TRACE n.a.d.j.g.EventGenerator [Thread-1] Generator( Test ) generated 2.0 events/sec
2019-10-03 10:07:59,135 TRACE n.a.d.j.g.EventGenerator [Thread-1] Generator( Test ) generated 2.0 events/sec
2019-10-03 10:08:00,137 TRACE n.a.d.j.g.EventGenerator [Thread-1] Generator( Test ) generated 2.0 events/sec
2019-10-03 10:08:01,140 TRACE n.a.d.j.g.EventGenerator [Thread-1] Generator( Test ) generated 2.0 events/sec
2019-10-03 10:08:02,143 TRACE n.a.d.j.g.EventGenerator [Thread-1] Generator( Test ) generated 2.0 events/sec
2019-10-03 10:08:03,148 TRACE n.a.d.j.g.EventGenerator [Thread-1] Generator( Test ) generated 2.0 events/sec
2019-10-03 10:08:04,155 TRACE n.a.d.j.g.EventGenerator [Thread-1] Generator( Test ) generated 2.0 events/sec
2019-10-03 10:08:05,159 TRACE n.a.d.j.g.EventGenerator [Thread-1] Generator( Test ) generated 2.0 events/sec
2019-10-03 10:08:06,161 TRACE n.a.d.j.g.EventGenerator [Thread-1] Generator( Test ) generated 2.0 events/sec
2019-10-03 10:08:07,163 TRACE n.a.d.j.g.EventGenerator [Thread-1] Generator( Test ) generated 2.0 events/sec
2019-10-03 10:08:08,167 TRACE n.a.d.j.g.EventGenerator [Thread-1] Generator( Test ) generated 2.0 events/sec
2019-10-03 10:08:09,171 TRACE n.a.d.j.g.EventGenerator [Thread-1] Generator( Test ) generated 2.0 events/sec
2019-10-03 10:08:10,174 TRACE n.a.d.j.g.EventGenerator [Thread-1] Generator( Test ) generated 2.0 events/sec
2019-10-03 10:08:11,180 TRACE n.a.d.j.g.EventGenerator [Thread-1] Generator( Test ) generated 2.0 events/sec
2019-10-03 10:08:12,190 TRACE n.a.d.j.g.EventGenerator [Thread-1] Generator( Test ) generated 2.0 events/sec
2019-10-03 10:08:13,194 TRACE n.a.d.j.g.EventGenerator [Thread-1] Generator( Test ) generated 2.0 events/sec
2019-10-03 10:08:14,201 TRACE n.a.d.j.g.EventGenerator [Thread-1] Generator( Test ) generated 2.0 events/sec
2019-10-03 10:08:15,210 TRACE n.a.d.j.g.EventGenerator [Thread-1] Generator( Test ) generated 2.0 events/sec
2019-10-03 10:08:16,213 TRACE n.a.d.j.g.EventGenerator [Thread-1] Generator( Test ) generated 2.0 events/sec
2019-10-03 10:08:17,217 TRACE n.a.d.j.g.EventGenerator [Thread-1] Generator( Test ) generated 2.0 events/sec
2019-10-03 10:08:18,219 TRACE n.a.d.j.g.EventGenerator [Thread-1] Generator( Test ) generated 2.0 events/sec
2019-10-03 10:08:19,226 TRACE n.a.d.j.g.EventGenerator [Thread-1] Generator( Test ) generated 2.0 events/sec
2019-10-03 10:08:20,232 TRACE n.a.d.j.g.EventGenerator [Thread-1] Generator( Test ) generated 2.0 events/sec
2019-10-03 10:08:21,236 TRACE n.a.d.j.g.EventGenerator [Thread-1] Generator( Test ) generated 2.0 events/sec
2019-10-03 10:08:22,239 TRACE n.a.d.j.g.EventGenerator [Thread-1] Generator( Test ) generated 2.0 events/sec
2019-10-03 10:08:23,242 TRACE n.a.d.j.g.EventGenerator [Thread-1] Generator( Test ) generated 2.0 events/sec
2019-10-03 10:08:24,285 TRACE n.a.d.j.g.EventGenerator [Thread-1] Generator( Test ) generated 2.0 events/sec
2019-10-03 10:08:25,288 TRACE n.a.d.j.g.EventGenerator [Thread-1] Generator( Test ) generated 2.0 events/sec
2019-10-03 10:08:26,291 TRACE n.a.d.j.g.EventGenerator [Thread-1] Generator( Test ) generated 2.0 events/sec
2019-10-03 10:08:27,294 TRACE n.a.d.j.g.EventGenerator [Thread-1] Generator( Test ) generated 2.0 events/sec
2019-10-03 10:08:28,298 TRACE n.a.d.j.g.EventGenerator [Thread-1] Generator( Test ) generated 2.0 events/sec
2019-10-03 10:08:29,306 TRACE n.a.d.j.g.EventGenerator [Thread-1] Generator( Test ) generated 2.0 events/sec
2019-10-03 10:08:30,311 TRACE n.a.d.j.g.EventGenerator [Thread-1] Generator( Test ) generated 2.0 events/sec
2019-10-03 10:08:31,314 TRACE n.a.d.j.g.EventGenerator [Thread-1] Generator( Test ) generated 2.0 events/sec
2019-10-03 10:08:32,318 TRACE n.a.d.j.g.EventGenerator [Thread-1] Generator( Test ) generated 2.0 events/sec
2019-10-03 10:08:33,321 TRACE n.a.d.j.g.EventGenerator [Thread-1] Generator( Test ) generated 2.0 events/sec
2019-10-03 10:08:34,325 TRACE n.a.d.j.g.EventGenerator [Thread-1] Generator( Test ) generated 2.0 events/sec
2019-10-03 10:08:35,329 TRACE n.a.d.j.g.EventGenerator [Thread-1] Generator( Test ) generated 2.0 events/sec
2019-10-03 10:08:36,332 TRACE n.a.d.j.g.EventGenerator [Thread-1] Generator( Test ) generated 2.0 events/sec
2019-10-03 10:08:37,335 TRACE n.a.d.j.g.EventGenerator [Thread-1] Generator( Test ) generated 2.0 events/sec
2019-10-03 10:08:38,341 TRACE n.a.d.j.g.EventGenerator [Thread-1] Generator( Test ) generated 2.0 events/sec
2019-10-03 10:08:39,344 TRACE n.a.d.j.g.EventGenerator [Thread-1] Generator( Test ) generated 2.0 events/sec
2019-10-03 10:08:40,348 TRACE n.a.d.j.g.EventGenerator [Thread-1] Generator( Test ) generated 2.0 events/sec
2019-10-03 10:08:41,355 TRACE n.a.d.j.g.EventGenerator [Thread-1] Generator( Test ) generated 2.0 events/sec
2019-10-03 10:08:42,357 TRACE n.a.d.j.g.EventGenerator [Thread-1] Generator( Test ) generated 2.0 events/sec
2019-10-03 10:08:43,360 TRACE n.a.d.j.g.EventGenerator [Thread-1] Generator( Test ) generated 2.0 events/sec
2019-10-03 10:08:44,366 TRACE n.a.d.j.g.EventGenerator [Thread-1] Generator( Test ) generated 2.0 events/sec
2019-10-03 10:08:45,371 TRACE n.a.d.j.g.EventGenerator [Thread-1] Generator( Test ) generated 2.0 events/sec
2019-10-03 10:08:46,375 TRACE n.a.d.j.g.EventGenerator [Thread-1] Generator( Test ) generated 2.0 events/sec
2019-10-03 10:08:47,380 TRACE n.a.d.j.g.EventGenerator [Thread-1] Generator( Test ) generated 2.0 events/sec
2019-10-03 10:08:48,384 TRACE n.a.d.j.g.EventGenerator [Thread-1] Generator( Test ) generated 2.0 events/sec
2019-10-03 10:08:49,392 TRACE n.a.d.j.g.EventGenerator [Thread-1] Generator( Test ) generated 2.0 events/sec
2019-10-03 10:08:50,397 TRACE n.a.d.j.g.EventGenerator [Thread-1] Generator( Test ) generated 2.0 events/sec
2019-10-03 10:08:51,400 TRACE n.a.d.j.g.EventGenerator [Thread-1] Generator( Test ) generated 2.0 events/sec
2019-10-03 10:08:52,403 TRACE n.a.d.j.g.EventGenerator [Thread-1] Generator( Test ) generated 2.0 events/sec
2019-10-03 10:08:53,407 TRACE n.a.d.j.g.EventGenerator [Thread-1] Generator( Test ) generated 2.0 events/sec
2019-10-03 10:08:54,413 TRACE n.a.d.j.g.EventGenerator [Thread-1] Generator( Test ) generated 2.0 events/sec
2019-10-03 10:08:55,421 TRACE n.a.d.j.g.EventGenerator [Thread-1] Generator( Test ) generated 2.0 events/sec
2019-10-03 10:08:56,427 TRACE n.a.d.j.g.EventGenerator [Thread-1] Generator( Test ) generated 2.0 events/sec
2019-10-03 10:08:57,429 TRACE n.a.d.j.g.EventGenerator [Thread-1] Generator( Test ) generated 2.0 events/sec
2019-10-03 10:08:58,432 TRACE n.a.d.j.g.EventGenerator [Thread-1] Generator( Test ) generated 2.0 events/sec
2019-10-03 10:08:59,437 TRACE n.a.d.j.g.EventGenerator [Thread-1] Generator( Test ) generated 2.0 events/sec
2019-10-03 10:09:00,440 TRACE n.a.d.j.g.EventGenerator [Thread-1] Generator( Test ) generated 2.0 events/sec
2019-10-03 10:09:01,445 TRACE n.a.d.j.g.EventGenerator [Thread-1] Generator( Test ) generated 2.0 events/sec
2019-10-03 10:09:02,449 TRACE n.a.d.j.g.EventGenerator [Thread-1] Generator( Test ) generated 2.0 events/sec
2019-10-03 10:09:03,454 TRACE n.a.d.j.g.EventGenerator [Thread-1] Generator( Test ) generated 2.0 events/sec
2019-10-03 10:09:04,457 TRACE n.a.d.j.g.EventGenerator [Thread-1] Generator( Test ) generated 2.0 events/sec
2019-10-03 10:09:05,460 TRACE n.a.d.j.g.EventGenerator [Thread-1] Generator( Test ) generated 2.0 events/sec
2019-10-03 10:09:06,463 TRACE n.a.d.j.g.EventGenerator [Thread-1] Generator( Test ) generated 2.0 events/sec
2019-10-03 10:09:07,466 TRACE n.a.d.j.g.EventGenerator [Thread-1] Generator( Test ) generated 2.0 events/sec
2019-10-03 10:09:08,469 TRACE n.a.d.j.g.EventGenerator [Thread-1] Generator( Test ) generated 2.0 events/sec
2019-10-03 10:09:09,476 TRACE n.a.d.j.g.EventGenerator [Thread-1] Generator( Test ) generated 2.0 events/sec
2019-10-03 10:09:10,480 TRACE n.a.d.j.g.EventGenerator [Thread-1] Generator( Test ) generated 2.0 events/sec
2019-10-03 10:09:11,487 TRACE n.a.d.j.g.EventGenerator [Thread-1] Generator( Test ) generated 2.0 events/sec
2019-10-03 10:09:12,489 TRACE n.a.d.j.g.EventGenerator [Thread-1] Generator( Test ) generated 2.0 events/sec
2019-10-03 10:09:13,493 TRACE n.a.d.j.g.EventGenerator [Thread-1] Generator( Test ) generated 2.0 events/sec
2019-10-03 10:09:14,496 TRACE n.a.d.j.g.EventGenerator [Thread-1] Generator( Test ) generated 2.0 events/sec
2019-10-03 10:09:15,501 TRACE n.a.d.j.g.EventGenerator [Thread-1] Generator( Test ) generated 2.0 events/sec
2019-10-03 10:09:16,504 TRACE n.a.d.j.g.EventGenerator [Thread-1] Generator( Test ) generated 2.0 events/sec
2019-10-03 10:09:17,509 TRACE n.a.d.j.g.EventGenerator [Thread-1] Generator( Test ) generated 2.0 events/sec
2019-10-03 10:09:18,513 TRACE n.a.d.j.g.EventGenerator [Thread-1] Generator( Test ) generated 2.0 events/sec
2019-10-03 10:09:19,517 TRACE n.a.d.j.g.EventGenerator [Thread-1] Generator( Test ) generated 2.0 events/sec
2019-10-03 10:09:20,520 TRACE n.a.d.j.g.EventGenerator [Thread-1] Generator( Test ) generated 2.0 events/sec
2019-10-03 10:09:21,526 TRACE n.a.d.j.g.EventGenerator [Thread-1] Generator( Test ) generated 2.0 events/sec
2019-10-03 10:09:22,529 TRACE n.a.d.j.g.EventGenerator [Thread-1] Generator( Test ) generated 2.0 events/sec
2019-10-03 10:09:23,533 TRACE n.a.d.j.g.EventGenerator [Thread-1] Generator( Test ) generated 2.0 events/sec
2019-10-03 10:09:24,536 TRACE n.a.d.j.g.EventGenerator [Thread-1] Generator( Test ) generated 2.0 events/sec
2019-10-03 10:09:25,539 TRACE n.a.d.j.g.EventGenerator [Thread-1] Generator( Test ) generated 2.0 events/sec
2019-10-03 10:09:26,542 TRACE n.a.d.j.g.EventGenerator [Thread-1] Generator( Test ) generated 2.0 events/sec
2019-10-03 10:09:27,547 TRACE n.a.d.j.g.EventGenerator [Thread-1] Generator( Test ) generated 2.0 events/sec
2019-10-03 10:09:28,551 TRACE n.a.d.j.g.EventGenerator [Thread-1] Generator( Test ) generated 2.0 events/sec
2019-10-03 10:09:29,554 TRACE n.a.d.j.g.EventGenerator [Thread-1] Generator( Test ) generated 2.0 events/sec
2019-10-03 10:09:30,557 TRACE n.a.d.j.g.EventGenerator [Thread-1] Generator( Test ) generated 2.0 events/sec
2019-10-03 10:09:31,561 TRACE n.a.d.j.g.EventGenerator [Thread-1] Generator( Test ) generated 2.0 events/sec
2019-10-03 10:09:32,563 TRACE n.a.d.j.g.EventGenerator [Thread-1] Generator( Test ) generated 2.0 events/sec
2019-10-03 10:09:33,570 TRACE n.a.d.j.g.EventGenerator [Thread-1] Generator( Test ) generated 2.0 events/sec
2019-10-03 10:09:34,574 TRACE n.a.d.j.g.EventGenerator [Thread-1] Generator( Test ) generated 2.0 events/sec
2019-10-03 10:09:35,577 TRACE n.a.d.j.g.EventGenerator [Thread-1] Generator( Test ) generated 2.0 events/sec
2019-10-03 10:09:36,581 TRACE n.a.d.j.g.EventGenerator [Thread-1] Generator( Test ) generated 2.0 events/sec
2019-10-03 10:09:37,584 TRACE n.a.d.j.g.EventGenerator [Thread-1] Generator( Test ) generated 2.0 events/sec
2019-10-03 10:09:38,588 TRACE n.a.d.j.g.EventGenerator [Thread-1] Generator( Test ) generated 2.0 events/sec
2019-10-03 10:09:39,600 TRACE n.a.d.j.g.EventGenerator [Thread-1] Generator( Test ) generated 2.0 events/sec
2019-10-03 10:09:40,602 TRACE n.a.d.j.g.EventGenerator [Thread-1] Generator( Test ) generated 2.0 events/sec
2019-10-03 10:09:41,605 TRACE n.a.d.j.g.EventGenerator [Thread-1] Generator( Test ) generated 2.0 events/sec
2019-10-03 10:09:42,609 TRACE n.a.d.j.g.EventGenerator [Thread-1] Generator( Test ) generated 2.0 events/sec
2019-10-03 10:09:43,613 TRACE n.a.d.j.g.EventGenerator [Thread-1] Generator( Test ) generated 2.0 events/sec
2019-10-03 10:09:44,620 TRACE n.a.d.j.g.EventGenerator [Thread-1] Generator( Test ) generated 2.0 events/sec
2019-10-03 10:09:45,624 TRACE n.a.d.j.g.EventGenerator [Thread-1] Generator( Test ) generated 2.0 events/sec
2019-10-03 10:09:46,627 TRACE n.a.d.j.g.EventGenerator [Thread-1] Generator( Test ) generated 2.0 events/sec
2019-10-03 10:09:47,632 TRACE n.a.d.j.g.EventGenerator [Thread-1] Generator( Test ) generated 2.0 events/sec
2019-10-03 10:09:48,636 TRACE n.a.d.j.g.EventGenerator [Thread-1] Generator( Test ) generated 2.0 events/sec
2019-10-03 10:09:49,639 TRACE n.a.d.j.g.EventGenerator [Thread-1] Generator( Test ) generated 2.0 events/sec
2019-10-03 10:09:50,642 TRACE n.a.d.j.g.EventGenerator [Thread-1] Generator( Test ) generated 2.0 events/sec
2019-10-03 10:09:51,645 TRACE n.a.d.j.g.EventGenerator [Thread-1] Generator( Test ) generated 2.0 events/sec
2019-10-03 10:09:52,648 TRACE n.a.d.j.g.EventGenerator [Thread-1] Generator( Test ) generated 2.0 events/sec
2019-10-03 10:09:53,655 TRACE n.a.d.j.g.EventGenerator [Thread-1] Generator( Test ) generated 2.0 events/sec
2019-10-03 10:09:54,659 TRACE n.a.d.j.g.EventGenerator [Thread-1] Generator( Test ) generated 2.0 events/sec
2019-10-03 10:09:55,662 TRACE n.a.d.j.g.EventGenerator [Thread-1] Generator( Test ) generated 2.0 events/sec
2019-10-03 10:09:56,664 TRACE n.a.d.j.g.EventGenerator [Thread-1] Generator( Test ) generated 2.0 events/sec
2019-10-03 10:09:57,668 TRACE n.a.d.j.g.EventGenerator [Thread-1] Generator( Test ) generated 2.0 events/sec
2019-10-03 10:09:58,675 TRACE n.a.d.j.g.EventGenerator [Thread-1] Generator( Test ) generated 2.0 events/sec
2019-10-03 10:09:59,678 TRACE n.a.d.j.g.EventGenerator [Thread-1] Generator( Test ) generated 2.0 events/sec
2019-10-03 10:10:00,685 TRACE n.a.d.j.g.EventGenerator [Thread-1] Generator( Test ) generated 2.0 events/sec
2019-10-03 10:10:01,688 TRACE n.a.d.j.g.EventGenerator [Thread-1] Generator( Test ) generated 2.0 events/sec
2019-10-03 10:10:02,692 TRACE n.a.d.j.g.EventGenerator [Thread-1] Generator( Test ) generated 2.0 events/sec
2019-10-03 10:10:03,695 TRACE n.a.d.j.g.EventGenerator [Thread-1] Generator( Test ) generated 2.0 events/sec
2019-10-03 10:10:04,700 TRACE n.a.d.j.g.EventGenerator [Thread-1] Generator( Test ) generated 2.0 events/sec
2019-10-03 10:10:05,704 TRACE n.a.d.j.g.EventGenerator [Thread-1] Generator( Test ) generated 2.0 events/sec
2019-10-03 10:10:06,708 TRACE n.a.d.j.g.EventGenerator [Thread-1] Generator( Test ) generated 2.0 events/sec
2019-10-03 10:10:07,711 TRACE n.a.d.j.g.EventGenerator [Thread-1] Generator( Test ) generated 2.0 events/sec
2019-10-03 10:10:08,715 TRACE n.a.d.j.g.EventGenerator [Thread-1] Generator( Test ) generated 2.0 events/sec
2019-10-03 10:10:09,719 TRACE n.a.d.j.g.EventGenerator [Thread-1] Generator( Test ) generated 2.0 events/sec
2019-10-03 10:10:10,722 TRACE n.a.d.j.g.EventGenerator [Thread-1] Generator( Test ) generated 2.0 events/sec
2019-10-03 10:10:11,727 TRACE n.a.d.j.g.EventGenerator [Thread-1] Generator( Test ) generated 2.0 events/sec
2019-10-03 10:10:12,730 TRACE n.a.d.j.g.EventGenerator [Thread-1] Generator( Test ) generated 2.0 events/sec
2019-10-03 10:10:13,734 TRACE n.a.d.j.g.EventGenerator [Thread-1] Generator( Test ) generated 2.0 events/sec
2019-10-03 10:10:14,738 TRACE n.a.d.j.g.EventGenerator [Thread-1] Generator( Test ) generated 2.0 events/sec
2019-10-03 10:10:15,742 TRACE n.a.d.j.g.EventGenerator [Thread-1] Generator( Test ) generated 2.0 events/sec
2019-10-03 10:10:16,746 TRACE n.a.d.j.g.EventGenerator [Thread-1] Generator( Test ) generated 2.0 events/sec
2019-10-03 10:10:17,750 TRACE n.a.d.j.g.EventGenerator [Thread-1] Generator( Test ) generated 2.0 events/sec
2019-10-03 10:10:18,753 TRACE n.a.d.j.g.EventGenerator [Thread-1] Generator( Test ) generated 2.0 events/sec
2019-10-03 10:10:19,757 TRACE n.a.d.j.g.EventGenerator [Thread-1] Generator( Test ) generated 2.0 events/sec
2019-10-03 10:10:20,760 TRACE n.a.d.j.g.EventGenerator [Thread-1] Generator( Test ) generated 2.0 events/sec
2019-10-03 10:10:21,764 TRACE n.a.d.j.g.EventGenerator [Thread-1] Generator( Test ) generated 2.0 events/sec
2019-10-03 10:10:22,768 TRACE n.a.d.j.g.EventGenerator [Thread-1] Generator( Test ) generated 2.0 events/sec
2019-10-03 10:10:23,771 TRACE n.a.d.j.g.EventGenerator [Thread-1] Generator( Test ) generated 2.0 events/sec
2019-10-03 10:10:24,775 TRACE n.a.d.j.g.EventGenerator [Thread-1] Generator( Test ) generated 2.0 events/sec
2019-10-03 10:10:25,777 TRACE n.a.d.j.g.EventGenerator [Thread-1] Generator( Test ) generated 2.0 events/sec
2019-10-03 10:10:26,780 TRACE n.a.d.j.g.EventGenerator [Thread-1] Generator( Test ) generated 2.0 events/sec
2019-10-03 10:10:27,783 TRACE n.a.d.j.g.EventGenerator [Thread-1] Generator( Test ) generated 2.0 events/sec
2019-10-03 10:10:28,785 TRACE n.a.d.j.g.EventGenerator [Thread-1] Generator( Test ) generated 2.0 events/sec
2019-10-03 10:10:29,789 TRACE n.a.d.j.g.EventGenerator [Thread-1] Generator( Test ) generated 2.0 events/sec
2019-10-03 10:10:30,792 TRACE n.a.d.j.g.EventGenerator [Thread-1] Generator( Test ) generated 2.0 events/sec
2019-10-03 10:10:31,794 TRACE n.a.d.j.g.EventGenerator [Thread-1] Generator( Test ) generated 2.0 events/sec
2019-10-03 10:10:32,797 TRACE n.a.d.j.g.EventGenerator [Thread-1] Generator( Test ) generated 2.0 events/sec
2019-10-03 10:10:33,812 TRACE n.a.d.j.g.EventGenerator [Thread-1] Generator( Test ) generated 2.0 events/sec
2019-10-03 10:10:34,816 TRACE n.a.d.j.g.EventGenerator [Thread-1] Generator( Test ) generated 2.0 events/sec
2019-10-03 10:10:35,823 TRACE n.a.d.j.g.EventGenerator [Thread-1] Generator( Test ) generated 2.0 events/sec
2019-10-03 10:10:36,826 TRACE n.a.d.j.g.EventGenerator [Thread-1] Generator( Test ) generated 2.0 events/sec
2019-10-03 10:10:37,829 TRACE n.a.d.j.g.EventGenerator [Thread-1] Generator( Test ) generated 2.0 events/sec
2019-10-03 10:10:38,832 TRACE n.a.d.j.g.EventGenerator [Thread-1] Generator( Test ) generated 2.0 events/sec
2019-10-03 10:10:39,835 TRACE n.a.d.j.g.EventGenerator [Thread-1] Generator( Test ) generated 2.0 events/sec
2019-10-03 10:10:40,839 TRACE n.a.d.j.g.EventGenerator [Thread-1] Generator( Test ) generated 2.0 events/sec
2019-10-03 10:10:41,847 TRACE n.a.d.j.g.EventGenerator [Thread-1] Generator( Test ) generated 2.0 events/sec
2019-10-03 10:10:42,849 TRACE n.a.d.j.g.EventGenerator [Thread-1] Generator( Test ) generated 2.0 events/sec
2019-10-03 10:10:43,853 TRACE n.a.d.j.g.EventGenerator [Thread-1] Generator( Test ) generated 2.0 events/sec
2019-10-03 10:10:44,856 TRACE n.a.d.j.g.EventGenerator [Thread-1] Generator( Test ) generated 2.0 events/sec
2019-10-03 10:10:45,861 TRACE n.a.d.j.g.EventGenerator [Thread-1] Generator( Test ) generated 2.0 events/sec
2019-10-03 10:10:46,869 TRACE n.a.d.j.g.EventGenerator [Thread-1] Generator( Test ) generated 2.0 events/sec
2019-10-03 10:10:47,872 TRACE n.a.d.j.g.EventGenerator [Thread-1] Generator( Test ) generated 2.0 events/sec
2019-10-03 10:10:48,876 TRACE n.a.d.j.g.EventGenerator [Thread-1] Generator( Test ) generated 2.0 events/sec
2019-10-03 10:10:49,881 TRACE n.a.d.j.g.EventGenerator [Thread-1] Generator( Test ) generated 2.0 events/sec
2019-10-03 10:10:50,888 TRACE n.a.d.j.g.EventGenerator [Thread-1] Generator( Test ) generated 2.0 events/sec
2019-10-03 10:10:51,893 TRACE n.a.d.j.g.EventGenerator [Thread-1] Generator( Test ) generated 2.0 events/sec
2019-10-03 10:10:52,898 TRACE n.a.d.j.g.EventGenerator [Thread-1] Generator( Test ) generated 2.0 events/sec
2019-10-03 10:10:53,902 TRACE n.a.d.j.g.EventGenerator [Thread-1] Generator( Test ) generated 2.0 events/sec
2019-10-03 10:10:54,905 TRACE n.a.d.j.g.EventGenerator [Thread-1] Generator( Test ) generated 2.0 events/sec
2019-10-03 10:10:55,913 TRACE n.a.d.j.g.EventGenerator [Thread-1] Generator( Test ) generated 2.0 events/sec
2019-10-03 10:10:56,915 TRACE n.a.d.j.g.EventGenerator [Thread-1] Generator( Test ) generated 2.0 events/sec
2019-10-03 10:10:57,917 TRACE n.a.d.j.g.EventGenerator [Thread-1] Generator( Test ) generated 2.0 events/sec
2019-10-03 10:10:58,919 TRACE n.a.d.j.g.EventGenerator [Thread-1] Generator( Test ) generated 2.0 events/sec
2019-10-03 10:10:59,921 TRACE n.a.d.j.g.EventGenerator [Thread-1] Generator( Test ) generated 2.0 events/sec
2019-10-03 10:11:00,930 TRACE n.a.d.j.g.EventGenerator [Thread-1] Generator( Test ) generated 2.0 events/sec
2019-10-03 10:11:01,938 TRACE n.a.d.j.g.EventGenerator [Thread-1] Generator( Test ) generated 2.0 events/sec
2019-10-03 10:11:02,941 TRACE n.a.d.j.g.EventGenerator [Thread-1] Generator( Test ) generated 2.0 events/sec
2019-10-03 10:11:03,944 TRACE n.a.d.j.g.EventGenerator [Thread-1] Generator( Test ) generated 2.0 events/sec
2019-10-03 10:11:04,952 TRACE n.a.d.j.g.EventGenerator [Thread-1] Generator( Test ) generated 2.0 events/sec
2019-10-03 10:11:05,956 TRACE n.a.d.j.g.EventGenerator [Thread-1] Generator( Test ) generated 2.0 events/sec
2019-10-03 10:11:06,959 TRACE n.a.d.j.g.EventGenerator [Thread-1] Generator( Test ) generated 2.0 events/sec
2019-10-03 10:11:07,963 TRACE n.a.d.j.g.EventGenerator [Thread-1] Generator( Test ) generated 2.0 events/sec
2019-10-03 10:11:08,971 TRACE n.a.d.j.g.EventGenerator [Thread-1] Generator( Test ) generated 2.0 events/sec
2019-10-03 10:11:09,973 TRACE n.a.d.j.g.EventGenerator [Thread-1] Generator( Test ) generated 2.0 events/sec
2019-10-03 10:11:10,978 TRACE n.a.d.j.g.EventGenerator [Thread-1] Generator( Test ) generated 2.0 events/sec
2019-10-03 10:11:11,980 TRACE n.a.d.j.g.EventGenerator [Thread-1] Generator( Test ) generated 2.0 events/sec
2019-10-03 10:11:12,983 TRACE n.a.d.j.g.EventGenerator [Thread-1] Generator( Test ) generated 2.0 events/sec
2019-10-03 10:11:13,989 TRACE n.a.d.j.g.EventGenerator [Thread-1] Generator( Test ) generated 2.0 events/sec
2019-10-03 10:11:14,990 TRACE n.a.d.j.g.EventGenerator [Thread-1] Generator( Test ) generated 2.0 events/sec
2019-10-03 10:11:15,992 TRACE n.a.d.j.g.EventGenerator [Thread-1] Generator( Test ) generated 2.0 events/sec
2019-10-03 10:11:16,994 TRACE n.a.d.j.g.EventGenerator [Thread-1] Generator( Test ) generated 2.0 events/sec
2019-10-03 10:11:17,996 TRACE n.a.d.j.g.EventGenerator [Thread-1] Generator( Test ) generated 2.0 events/sec
2019-10-03 10:11:18,999 TRACE n.a.d.j.g.EventGenerator [Thread-1] Generator( Test ) generated 2.0 events/sec
2019-10-03 10:11:20,001 TRACE n.a.d.j.g.EventGenerator [Thread-1] Generator( Test ) generated 2.0 events/sec
2019-10-03 10:11:21,004 TRACE n.a.d.j.g.EventGenerator [Thread-1] Generator( Test ) generated 2.0 events/sec
2019-10-03 10:11:22,007 TRACE n.a.d.j.g.EventGenerator [Thread-1] Generator( Test ) generated 2.0 events/sec
2019-10-03 10:11:23,010 TRACE n.a.d.j.g.EventGenerator [Thread-1] Generator( Test ) generated 2.0 events/sec
2019-10-03 10:11:24,014 TRACE n.a.d.j.g.EventGenerator [Thread-1] Generator( Test ) generated 2.0 events/sec
2019-10-03 10:11:25,017 TRACE n.a.d.j.g.EventGenerator [Thread-1] Generator( Test ) generated 2.0 events/sec
2019-10-03 10:11:26,024 TRACE n.a.d.j.g.EventGenerator [Thread-1] Generator( Test ) generated 2.0 events/sec
2019-10-03 10:11:27,026 TRACE n.a.d.j.g.EventGenerator [Thread-1] Generator( Test ) generated 2.0 events/sec
2019-10-03 10:11:28,028 TRACE n.a.d.j.g.EventGenerator [Thread-1] Generator( Test ) generated 2.0 events/sec
2019-10-03 10:11:29,031 TRACE n.a.d.j.g.EventGenerator [Thread-1] Generator( Test ) generated 2.0 events/sec
2019-10-03 10:11:30,078 TRACE n.a.d.j.g.EventGenerator [Thread-1] Generator( Test ) generated 2.0 events/sec
2019-10-03 10:11:31,081 TRACE n.a.d.j.g.EventGenerator [Thread-1] Generator( Test ) generated 2.0 events/sec
2019-10-03 10:11:32,084 TRACE n.a.d.j.g.EventGenerator [Thread-1] Generator( Test ) generated 2.0 events/sec
2019-10-03 10:11:33,089 TRACE n.a.d.j.g.EventGenerator [Thread-1] Generator( Test ) generated 2.0 events/sec
2019-10-03 10:11:34,091 TRACE n.a.d.j.g.EventGenerator [Thread-1] Generator( Test ) generated 2.0 events/sec
2019-10-03 10:11:35,095 TRACE n.a.d.j.g.EventGenerator [Thread-1] Generator( Test ) generated 2.0 events/sec
2019-10-03 10:11:36,098 TRACE n.a.d.j.g.EventGenerator [Thread-1] Generator( Test ) generated 2.0 events/sec
2019-10-03 10:11:37,102 TRACE n.a.d.j.g.EventGenerator [Thread-1] Generator( Test ) generated 2.0 events/sec
2019-10-03 10:11:38,106 TRACE n.a.d.j.g.EventGenerator [Thread-1] Generator( Test ) generated 2.0 events/sec
2019-10-03 10:11:39,107 TRACE n.a.d.j.g.EventGenerator [Thread-1] Generator( Test ) generated 2.0 events/sec
2019-10-03 10:11:40,113 TRACE n.a.d.j.g.EventGenerator [Thread-1] Generator( Test ) generated 2.0 events/sec
2019-10-03 10:11:41,117 TRACE n.a.d.j.g.EventGenerator [Thread-1] Generator( Test ) generated 2.0 events/sec
2019-10-03 10:11:42,121 TRACE n.a.d.j.g.EventGenerator [Thread-1] Generator( Test ) generated 2.0 events/sec
2019-10-03 10:11:43,124 TRACE n.a.d.j.g.EventGenerator [Thread-1] Generator( Test ) generated 2.0 events/sec
2019-10-03 10:11:44,129 TRACE n.a.d.j.g.EventGenerator [Thread-1] Generator( Test ) generated 2.0 events/sec
2019-10-03 10:11:45,135 TRACE n.a.d.j.g.EventGenerator [Thread-1] Generator( Test ) generated 2.0 events/sec
2019-10-03 10:11:46,138 TRACE n.a.d.j.g.EventGenerator [Thread-1] Generator( Test ) generated 2.0 events/sec
2019-10-03 10:11:47,140 TRACE n.a.d.j.g.EventGenerator [Thread-1] Generator( Test ) generated 2.0 events/sec
2019-10-03 10:11:48,142 TRACE n.a.d.j.g.EventGenerator [Thread-1] Generator( Test ) generated 2.0 events/sec
2019-10-03 10:11:49,147 TRACE n.a.d.j.g.EventGenerator [Thread-1] Generator( Test ) generated 2.0 events/sec
2019-10-03 10:11:50,151 TRACE n.a.d.j.g.EventGenerator [Thread-1] Generator( Test ) generated 2.0 events/sec
2019-10-03 10:11:51,153 TRACE n.a.d.j.g.EventGenerator [Thread-1] Generator( Test ) generated 2.0 events/sec
2019-10-03 10:11:52,157 TRACE n.a.d.j.g.EventGenerator [Thread-1] Generator( Test ) generated 2.0 events/sec
2019-10-03 10:11:53,162 TRACE n.a.d.j.g.EventGenerator [Thread-1] Generator( Test ) generated 2.0 events/sec
2019-10-03 10:11:54,169 TRACE n.a.d.j.g.EventGenerator [Thread-1] Generator( Test ) generated 2.0 events/sec
2019-10-03 10:11:55,175 TRACE n.a.d.j.g.EventGenerator [Thread-1] Generator( Test ) generated 2.0 events/sec
2019-10-03 10:11:56,179 TRACE n.a.d.j.g.EventGenerator [Thread-1] Generator( Test ) generated 2.0 events/sec
2019-10-03 10:11:57,183 TRACE n.a.d.j.g.EventGenerator [Thread-1] Generator( Test ) generated 2.0 events/sec
2019-10-03 10:11:58,187 TRACE n.a.d.j.g.EventGenerator [Thread-1] Generator( Test ) generated 2.0 events/sec
2019-10-03 10:11:59,191 TRACE n.a.d.j.g.EventGenerator [Thread-1] Generator( Test ) generated 2.0 events/sec
2019-10-03 10:12:00,194 TRACE n.a.d.j.g.EventGenerator [Thread-1] Generator( Test ) generated 2.0 events/sec
2019-10-03 10:12:01,198 TRACE n.a.d.j.g.EventGenerator [Thread-1] Generator( Test ) generated 2.0 events/sec
2019-10-03 10:12:02,202 TRACE n.a.d.j.g.EventGenerator [Thread-1] Generator( Test ) generated 2.0 events/sec
2019-10-03 10:12:03,206 TRACE n.a.d.j.g.EventGenerator [Thread-1] Generator( Test ) generated 2.0 events/sec
2019-10-03 10:12:04,210 TRACE n.a.d.j.g.EventGenerator [Thread-1] Generator( Test ) generated 2.0 events/sec
2019-10-03 10:12:05,216 TRACE n.a.d.j.g.EventGenerator [Thread-1] Generator( Test ) generated 2.0 events/sec
2019-10-03 10:12:06,221 TRACE n.a.d.j.g.EventGenerator [Thread-1] Generator( Test ) generated 2.0 events/sec
2019-10-03 10:12:07,224 TRACE n.a.d.j.g.EventGenerator [Thread-1] Generator( Test ) generated 2.0 events/sec
2019-10-03 10:12:08,227 TRACE n.a.d.j.g.EventGenerator [Thread-1] Generator( Test ) generated 2.0 events/sec
2019-10-03 10:12:09,231 TRACE n.a.d.j.g.EventGenerator [Thread-1] Generator( Test ) generated 2.0 events/sec
2019-10-03 10:12:10,236 TRACE n.a.d.j.g.EventGenerator [Thread-1] Generator( Test ) generated 2.0 events/sec
2019-10-03 10:12:11,240 TRACE n.a.d.j.g.EventGenerator [Thread-1] Generator( Test ) generated 2.0 events/sec
2019-10-03 10:12:12,243 TRACE n.a.d.j.g.EventGenerator [Thread-1] Generator( Test ) generated 2.0 events/sec
2019-10-03 10:12:13,245 TRACE n.a.d.j.g.EventGenerator [Thread-1] Generator( Test ) generated 2.0 events/sec
2019-10-03 10:12:14,250 TRACE n.a.d.j.g.EventGenerator [Thread-1] Generator( Test ) generated 2.0 events/sec
2019-10-03 10:12:15,253 TRACE n.a.d.j.g.EventGenerator [Thread-1] Generator( Test ) generated 2.0 events/sec
2019-10-03 10:12:16,260 TRACE n.a.d.j.g.EventGenerator [Thread-1] Generator( Test ) generated 2.0 events/sec
2019-10-03 10:12:17,263 TRACE n.a.d.j.g.EventGenerator [Thread-1] Generator( Test ) generated 2.0 events/sec
2019-10-03 10:12:18,266 TRACE n.a.d.j.g.EventGenerator [Thread-1] Generator( Test ) generated 2.0 events/sec
2019-10-03 10:12:19,269 TRACE n.a.d.j.g.EventGenerator [Thread-1] Generator( Test ) generated 2.0 events/sec
2019-10-03 10:12:20,281 TRACE n.a.d.j.g.EventGenerator [Thread-1] Generator( Test ) generated 2.0 events/sec
2019-10-03 10:12:21,285 TRACE n.a.d.j.g.EventGenerator [Thread-1] Generator( Test ) generated 2.0 events/sec
2019-10-03 10:12:22,288 TRACE n.a.d.j.g.EventGenerator [Thread-1] Generator( Test ) generated 2.0 events/sec
2019-10-03 10:12:23,291 TRACE n.a.d.j.g.EventGenerator [Thread-1] Generator( Test ) generated 2.0 events/sec
2019-10-03 10:12:24,292 TRACE n.a.d.j.g.EventGenerator [Thread-1] Generator( Test ) generated 2.0 events/sec
2019-10-03 10:12:25,296 TRACE n.a.d.j.g.EventGenerator [Thread-1] Generator( Test ) generated 2.0 events/sec
2019-10-03 10:12:26,299 TRACE n.a.d.j.g.EventGenerator [Thread-1] Generator( Test ) generated 2.0 events/sec
2019-10-03 10:12:27,301 TRACE n.a.d.j.g.EventGenerator [Thread-1] Generator( Test ) generated 2.0 events/sec
2019-10-03 10:12:28,304 TRACE n.a.d.j.g.EventGenerator [Thread-1] Generator( Test ) generated 2.0 events/sec
2019-10-03 10:12:29,306 TRACE n.a.d.j.g.EventGenerator [Thread-1] Generator( Test ) generated 2.0 events/sec
2019-10-03 10:12:30,311 TRACE n.a.d.j.g.EventGenerator [Thread-1] Generator( Test ) generated 2.0 events/sec
2019-10-03 10:12:31,313 TRACE n.a.d.j.g.EventGenerator [Thread-1] Generator( Test ) generated 2.0 events/sec
2019-10-03 10:12:32,317 TRACE n.a.d.j.g.EventGenerator [Thread-1] Generator( Test ) generated 2.0 events/sec
2019-10-03 10:12:33,320 TRACE n.a.d.j.g.EventGenerator [Thread-1] Generator( Test ) generated 2.0 events/sec
2019-10-03 10:12:34,333 TRACE n.a.d.j.g.EventGenerator [Thread-1] Generator( Test ) generated 2.0 events/sec
2019-10-03 10:12:35,337 TRACE n.a.d.j.g.EventGenerator [Thread-1] Generator( Test ) generated 2.0 events/sec
2019-10-03 10:12:36,339 TRACE n.a.d.j.g.EventGenerator [Thread-1] Generator( Test ) generated 2.0 events/sec
2019-10-03 10:12:37,341 TRACE n.a.d.j.g.EventGenerator [Thread-1] Generator( Test ) generated 2.0 events/sec
2019-10-03 10:12:38,343 TRACE n.a.d.j.g.EventGenerator [Thread-1] Generator( Test ) generated 2.0 events/sec
2019-10-03 10:12:39,346 TRACE n.a.d.j.g.EventGenerator [Thread-1] Generator( Test ) generated 2.0 events/sec
2019-10-03 10:12:40,352 TRACE n.a.d.j.g.EventGenerator [Thread-1] Generator( Test ) generated 2.0 events/sec
2019-10-03 10:12:41,356 TRACE n.a.d.j.g.EventGenerator [Thread-1] Generator( Test ) generated 2.0 events/sec
2019-10-03 10:12:42,359 TRACE n.a.d.j.g.EventGenerator [Thread-1] Generator( Test ) generated 2.0 events/sec
2019-10-03 10:12:43,363 TRACE n.a.d.j.g.EventGenerator [Thread-1] Generator( Test ) generated 2.0 events/sec
2019-10-03 10:12:44,366 TRACE n.a.d.j.g.EventGenerator [Thread-1] Generator( Test ) generated 2.0 events/sec
2019-10-03 10:12:45,386 TRACE n.a.d.j.g.EventGenerator [Thread-1] Generator( Test ) generated 2.0 events/sec
2019-10-03 10:12:46,389 TRACE n.a.d.j.g.EventGenerator [Thread-1] Generator( Test ) generated 2.0 events/sec
2019-10-03 10:12:47,392 TRACE n.a.d.j.g.EventGenerator [Thread-1] Generator( Test ) generated 2.0 events/sec
2019-10-03 10:12:48,394 TRACE n.a.d.j.g.EventGenerator [Thread-1] Generator( Test ) generated 2.0 events/sec
2019-10-03 10:12:49,397 TRACE n.a.d.j.g.EventGenerator [Thread-1] Generator( Test ) generated 2.0 events/sec
2019-10-03 10:12:50,402 TRACE n.a.d.j.g.EventGenerator [Thread-1] Generator( Test ) generated 2.0 events/sec
2019-10-03 10:12:51,406 TRACE n.a.d.j.g.EventGenerator [Thread-1] Generator( Test ) generated 2.0 events/sec
2019-10-03 10:12:52,408 TRACE n.a.d.j.g.EventGenerator [Thread-1] Generator( Test ) generated 2.0 events/sec
2019-10-03 10:12:53,411 TRACE n.a.d.j.g.EventGenerator [Thread-1] Generator( Test ) generated 2.0 events/sec
2019-10-03 10:12:54,413 TRACE n.a.d.j.g.EventGenerator [Thread-1] Generator( Test ) generated 2.0 events/sec
2019-10-03 10:12:55,415 TRACE n.a.d.j.g.EventGenerator [Thread-1] Generator( Test ) generated 2.0 events/sec
2019-10-03 10:12:56,418 TRACE n.a.d.j.g.EventGenerator [Thread-1] Generator( Test ) generated 2.0 events/sec
2019-10-03 10:12:57,420 TRACE n.a.d.j.g.EventGenerator [Thread-1] Generator( Test ) generated 2.0 events/sec
2019-10-03 10:12:58,424 TRACE n.a.d.j.g.EventGenerator [Thread-1] Generator( Test ) generated 2.0 events/sec
2019-10-03 10:12:59,426 TRACE n.a.d.j.g.EventGenerator [Thread-1] Generator( Test ) generated 2.0 events/sec
2019-10-03 10:13:00,435 TRACE n.a.d.j.g.EventGenerator [Thread-1] Generator( Test ) generated 2.0 events/sec
2019-10-03 10:13:01,439 TRACE n.a.d.j.g.EventGenerator [Thread-1] Generator( Test ) generated 2.0 events/sec
2019-10-03 10:13:02,442 TRACE n.a.d.j.g.EventGenerator [Thread-1] Generator( Test ) generated 2.0 events/sec
2019-10-03 10:13:03,444 TRACE n.a.d.j.g.EventGenerator [Thread-1] Generator( Test ) generated 2.0 events/sec
2019-10-03 10:13:04,448 TRACE n.a.d.j.g.EventGenerator [Thread-1] Generator( Test ) generated 2.0 events/sec
2019-10-03 10:13:05,453 TRACE n.a.d.j.g.EventGenerator [Thread-1] Generator( Test ) generated 2.0 events/sec
2019-10-03 10:13:06,456 TRACE n.a.d.j.g.EventGenerator [Thread-1] Generator( Test ) generated 2.0 events/sec
2019-10-03 10:13:07,459 TRACE n.a.d.j.g.EventGenerator [Thread-1] Generator( Test ) generated 2.0 events/sec
2019-10-03 10:13:08,463 TRACE n.a.d.j.g.EventGenerator [Thread-1] Generator( Test ) generated 2.0 events/sec
2019-10-03 10:13:09,465 TRACE n.a.d.j.g.EventGenerator [Thread-1] Generator( Test ) generated 2.0 events/sec
2019-10-03 10:13:10,469 TRACE n.a.d.j.g.EventGenerator [Thread-1] Generator( Test ) generated 2.0 events/sec
2019-10-03 10:13:11,473 TRACE n.a.d.j.g.EventGenerator [Thread-1] Generator( Test ) generated 2.0 events/sec
2019-10-03 10:13:12,475 TRACE n.a.d.j.g.EventGenerator [Thread-1] Generator( Test ) generated 2.0 events/sec
2019-10-03 10:13:13,480 TRACE n.a.d.j.g.EventGenerator [Thread-1] Generator( Test ) generated 2.0 events/sec
2019-10-03 10:13:14,484 TRACE n.a.d.j.g.EventGenerator [Thread-1] Generator( Test ) generated 2.0 events/sec
2019-10-03 10:13:15,486 TRACE n.a.d.j.g.EventGenerator [Thread-1] Generator( Test ) generated 2.0 events/sec
2019-10-03 10:13:16,491 TRACE n.a.d.j.g.EventGenerator [Thread-1] Generator( Test ) generated 2.0 events/sec
2019-10-03 10:13:17,495 TRACE n.a.d.j.g.EventGenerator [Thread-1] Generator( Test ) generated 2.0 events/sec
2019-10-03 10:13:18,498 TRACE n.a.d.j.g.EventGenerator [Thread-1] Generator( Test ) generated 2.0 events/sec
2019-10-03 10:13:19,500 TRACE n.a.d.j.g.EventGenerator [Thread-1] Generator( Test ) generated 2.0 events/sec
2019-10-03 10:13:20,504 TRACE n.a.d.j.g.EventGenerator [Thread-1] Generator( Test ) generated 2.0 events/sec
2019-10-03 10:13:21,507 TRACE n.a.d.j.g.EventGenerator [Thread-1] Generator( Test ) generated 2.0 events/sec
2019-10-03 10:13:22,510 TRACE n.a.d.j.g.EventGenerator [Thread-1] Generator( Test ) generated 2.0 events/sec
2019-10-03 10:13:23,513 TRACE n.a.d.j.g.EventGenerator [Thread-1] Generator( Test ) generated 2.0 events/sec
2019-10-03 10:13:24,517 TRACE n.a.d.j.g.EventGenerator [Thread-1] Generator( Test ) generated 2.0 events/sec
2019-10-03 10:13:25,520 TRACE n.a.d.j.g.EventGenerator [Thread-1] Generator( Test ) generated 2.0 events/sec
2019-10-03 10:13:26,522 TRACE n.a.d.j.g.EventGenerator [Thread-1] Generator( Test ) generated 2.0 events/sec
2019-10-03 10:13:27,524 TRACE n.a.d.j.g.EventGenerator [Thread-1] Generator( Test ) generated 2.0 events/sec
2019-10-03 10:13:28,527 TRACE n.a.d.j.g.EventGenerator [Thread-1] Generator( Test ) generated 2.0 events/sec
2019-10-03 10:13:29,529 TRACE n.a.d.j.g.EventGenerator [Thread-1] Generator( Test ) generated 2.0 events/sec
2019-10-03 10:13:30,533 TRACE n.a.d.j.g.EventGenerator [Thread-1] Generator( Test ) generated 2.0 events/sec
2019-10-03 10:13:31,536 TRACE n.a.d.j.g.EventGenerator [Thread-1] Generator( Test ) generated 2.0 events/sec
2019-10-03 10:13:32,539 TRACE n.a.d.j.g.EventGenerator [Thread-1] Generator( Test ) generated 2.0 events/sec
2019-10-03 10:13:33,542 TRACE n.a.d.j.g.EventGenerator [Thread-1] Generator( Test ) generated 2.0 events/sec
2019-10-03 10:13:34,548 TRACE n.a.d.j.g.EventGenerator [Thread-1] Generator( Test ) generated 2.0 events/sec
2019-10-03 10:13:35,553 TRACE n.a.d.j.g.EventGenerator [Thread-1] Generator( Test ) generated 2.0 events/sec
2019-10-03 10:13:36,556 TRACE n.a.d.j.g.EventGenerator [Thread-1] Generator( Test ) generated 2.0 events/sec
2019-10-03 10:13:37,561 TRACE n.a.d.j.g.EventGenerator [Thread-1] Generator( Test ) generated 2.0 events/sec
2019-10-03 10:13:38,565 TRACE n.a.d.j.g.EventGenerator [Thread-1] Generator( Test ) generated 2.0 events/sec
2019-10-03 10:13:39,568 TRACE n.a.d.j.g.EventGenerator [Thread-1] Generator( Test ) generated 2.0 events/sec
2019-10-03 10:13:40,573 TRACE n.a.d.j.g.EventGenerator [Thread-1] Generator( Test ) generated 2.0 events/sec
2019-10-03 10:13:41,576 TRACE n.a.d.j.g.EventGenerator [Thread-1] Generator( Test ) generated 2.0 events/sec
2019-10-03 10:13:42,578 TRACE n.a.d.j.g.EventGenerator [Thread-1] Generator( Test ) generated 2.0 events/sec
2019-10-03 10:13:43,581 TRACE n.a.d.j.g.EventGenerator [Thread-1] Generator( Test ) generated 2.0 events/sec
2019-10-03 10:13:44,582 TRACE n.a.d.j.g.EventGenerator [Thread-1] Generator( Test ) generated 2.0 events/sec
2019-10-03 10:13:45,585 TRACE n.a.d.j.g.EventGenerator [Thread-1] Generator( Test ) generated 2.0 events/sec
2019-10-03 10:13:46,588 TRACE n.a.d.j.g.EventGenerator [Thread-1] Generator( Test ) generated 2.0 events/sec
2019-10-03 10:13:47,590 TRACE n.a.d.j.g.EventGenerator [Thread-1] Generator( Test ) generated 2.0 events/sec
