2019-09-29 13:12:07,701 INFO n.a.d.j.g.JsonDataGenerator [main] Overriding Simulation Config file from command line to use [ testConfig.json ]
2019-09-29 13:12:07,703 DEBUG n.a.d.j.g.JsonDataGenerator [main] Creating Simulation Runner using Simulation Config [ testConfig.json ]
2019-09-29 13:12:08,000 INFO n.a.d.j.g.JsonDataGenerator [main] Adding Azure IoT Hub Logger with properties: {type=iothub, connectionString=HostName=lv-iot-streaming.azure-devices.net;DeviceId=store;SharedAccessKey=8nBv1EH5wlqjYaDTzKGLGougw3IMpEq9EI64vjNUztw=, protocol=HTTPS}
2019-09-29 13:12:08,294 INFO n.a.d.j.g.SimulationRunner [main] Adding EventGenerator for [ Test,storeGenerator.json ]
2019-09-29 13:12:08,295 INFO n.a.d.j.g.SimulationRunner [main] Starting Simulation
2019-09-29 13:12:08,477 DEBUG n.a.d.j.g.t.TypeHandlerFactory [Thread-1] Discovered TypeHandler [ stringMerge,net.acesinc.data.json.generator.types.StringMergeType ]
2019-09-29 13:12:08,479 DEBUG n.a.d.j.g.t.TypeHandlerFactory [Thread-1] Discovered TypeHandler [ nowTimestamp,net.acesinc.data.json.generator.types.NowTimestampType ]
2019-09-29 13:12:08,484 DEBUG n.a.d.j.g.t.TypeHandlerFactory [Thread-1] Discovered TypeHandler [ alpha,net.acesinc.data.json.generator.types.AlphaType ]
2019-09-29 13:12:08,485 DEBUG n.a.d.j.g.t.TypeHandlerFactory [Thread-1] Discovered TypeHandler [ uuid,net.acesinc.data.json.generator.types.UuidType ]
2019-09-29 13:12:08,486 DEBUG n.a.d.j.g.t.TypeHandlerFactory [Thread-1] Discovered TypeHandler [ alphaNumeric,net.acesinc.data.json.generator.types.AlphaNumericType ]
2019-09-29 13:12:08,487 DEBUG n.a.d.j.g.t.TypeHandlerFactory [Thread-1] Discovered TypeHandler [ random,net.acesinc.data.json.generator.types.RandomType ]
2019-09-29 13:12:08,488 DEBUG n.a.d.j.g.t.TypeHandlerFactory [Thread-1] Discovered TypeHandler [ counter,net.acesinc.data.json.generator.types.CounterType ]
2019-09-29 13:12:08,491 DEBUG n.a.d.j.g.t.TypeHandlerFactory [Thread-1] Discovered TypeHandler [ long,net.acesinc.data.json.generator.types.LongType ]
2019-09-29 13:12:08,493 DEBUG n.a.d.j.g.t.TypeHandlerFactory [Thread-1] Discovered TypeHandler [ double,net.acesinc.data.json.generator.types.DoubleType ]
2019-09-29 13:12:08,494 DEBUG n.a.d.j.g.t.TypeHandlerFactory [Thread-1] Discovered TypeHandler [ date,net.acesinc.data.json.generator.types.DateType ]
2019-09-29 13:12:08,495 DEBUG n.a.d.j.g.t.TypeHandlerFactory [Thread-1] Discovered TypeHandler [ randomIncrementLong,net.acesinc.data.json.generator.types.RandomIncrementLongType ]
2019-09-29 13:12:08,496 DEBUG n.a.d.j.g.t.TypeHandlerFactory [Thread-1] Discovered TypeHandler [ boolean,net.acesinc.data.json.generator.types.BooleanType ]
2019-09-29 13:12:08,497 DEBUG n.a.d.j.g.t.TypeHandlerFactory [Thread-1] Discovered TypeHandler [ firstName,net.acesinc.data.json.generator.types.FirstName ]
2019-09-29 13:12:08,498 DEBUG n.a.d.j.g.t.TypeHandlerFactory [Thread-1] Discovered TypeHandler [ lastName,net.acesinc.data.json.generator.types.LastName ]
2019-09-29 13:12:08,513 DEBUG n.a.d.j.g.t.TypeHandlerFactory [Thread-1] Discovered TypeHandler [ integer,net.acesinc.data.json.generator.types.IntegerType ]
2019-09-29 13:12:08,513 DEBUG n.a.d.j.g.t.TypeHandlerFactory [Thread-1] Discovered TypeHandler [ timestamp,net.acesinc.data.json.generator.types.TimestampType ]
2019-09-29 13:12:08,514 DEBUG n.a.d.j.g.t.TypeHandlerFactory [Thread-1] Discovered TypeHandler [ now,net.acesinc.data.json.generator.types.NowType ]
2019-09-29 13:12:09,553 TRACE n.a.d.j.g.EventGenerator [Thread-1] Generator( Test ) generated 2.0 events/sec
2019-09-29 13:12:10,576 TRACE n.a.d.j.g.EventGenerator [Thread-1] Generator( Test ) generated 2.0 events/sec
2019-09-29 13:12:11,598 TRACE n.a.d.j.g.EventGenerator [Thread-1] Generator( Test ) generated 2.0 events/sec
2019-09-29 13:12:12,606 TRACE n.a.d.j.g.EventGenerator [Thread-1] Generator( Test ) generated 2.0 events/sec
2019-09-29 13:12:13,619 TRACE n.a.d.j.g.EventGenerator [Thread-1] Generator( Test ) generated 2.0 events/sec
2019-09-29 13:12:14,625 TRACE n.a.d.j.g.EventGenerator [Thread-1] Generator( Test ) generated 2.0 events/sec
2019-09-29 13:12:15,630 TRACE n.a.d.j.g.EventGenerator [Thread-1] Generator( Test ) generated 2.0 events/sec
2019-09-29 13:12:16,636 TRACE n.a.d.j.g.EventGenerator [Thread-1] Generator( Test ) generated 2.0 events/sec
2019-09-29 13:12:17,641 TRACE n.a.d.j.g.EventGenerator [Thread-1] Generator( Test ) generated 2.0 events/sec
2019-09-29 13:12:18,648 TRACE n.a.d.j.g.EventGenerator [Thread-1] Generator( Test ) generated 2.0 events/sec
2019-09-29 13:12:19,652 TRACE n.a.d.j.g.EventGenerator [Thread-1] Generator( Test ) generated 2.0 events/sec
2019-09-29 13:12:20,656 TRACE n.a.d.j.g.EventGenerator [Thread-1] Generator( Test ) generated 2.0 events/sec
2019-09-29 13:12:21,660 TRACE n.a.d.j.g.EventGenerator [Thread-1] Generator( Test ) generated 2.0 events/sec
2019-09-29 13:12:22,663 TRACE n.a.d.j.g.EventGenerator [Thread-1] Generator( Test ) generated 2.0 events/sec
2019-09-29 13:12:23,669 TRACE n.a.d.j.g.EventGenerator [Thread-1] Generator( Test ) generated 2.0 events/sec
2019-09-29 13:12:24,674 TRACE n.a.d.j.g.EventGenerator [Thread-1] Generator( Test ) generated 2.0 events/sec
2019-09-29 13:12:25,685 TRACE n.a.d.j.g.EventGenerator [Thread-1] Generator( Test ) generated 2.0 events/sec
2019-09-29 13:12:26,697 TRACE n.a.d.j.g.EventGenerator [Thread-1] Generator( Test ) generated 2.0 events/sec
2019-09-29 13:12:27,710 TRACE n.a.d.j.g.EventGenerator [Thread-1] Generator( Test ) generated 2.0 events/sec
2019-09-29 13:12:28,730 TRACE n.a.d.j.g.EventGenerator [Thread-1] Generator( Test ) generated 2.0 events/sec
2019-09-29 13:12:29,737 TRACE n.a.d.j.g.EventGenerator [Thread-1] Generator( Test ) generated 2.0 events/sec
2019-09-29 13:12:30,751 TRACE n.a.d.j.g.EventGenerator [Thread-1] Generator( Test ) generated 2.0 events/sec
2019-09-29 13:12:31,755 TRACE n.a.d.j.g.EventGenerator [Thread-1] Generator( Test ) generated 2.0 events/sec
2019-09-29 13:12:32,764 TRACE n.a.d.j.g.EventGenerator [Thread-1] Generator( Test ) generated 2.0 events/sec
2019-09-29 13:12:33,768 TRACE n.a.d.j.g.EventGenerator [Thread-1] Generator( Test ) generated 2.0 events/sec
2019-09-29 13:12:34,771 TRACE n.a.d.j.g.EventGenerator [Thread-1] Generator( Test ) generated 2.0 events/sec
2019-09-29 13:12:35,775 TRACE n.a.d.j.g.EventGenerator [Thread-1] Generator( Test ) generated 2.0 events/sec
2019-09-29 13:12:36,782 TRACE n.a.d.j.g.EventGenerator [Thread-1] Generator( Test ) generated 2.0 events/sec
2019-09-29 13:12:37,790 TRACE n.a.d.j.g.EventGenerator [Thread-1] Generator( Test ) generated 2.0 events/sec
2019-09-29 13:12:38,792 TRACE n.a.d.j.g.EventGenerator [Thread-1] Generator( Test ) generated 2.0 events/sec
2019-09-29 13:12:39,798 TRACE n.a.d.j.g.EventGenerator [Thread-1] Generator( Test ) generated 2.0 events/sec
2019-09-29 13:12:40,805 TRACE n.a.d.j.g.EventGenerator [Thread-1] Generator( Test ) generated 2.0 events/sec
2019-09-29 13:12:41,809 TRACE n.a.d.j.g.EventGenerator [Thread-1] Generator( Test ) generated 2.0 events/sec
2019-09-29 13:12:42,812 TRACE n.a.d.j.g.EventGenerator [Thread-1] Generator( Test ) generated 2.0 events/sec
2019-09-29 13:12:43,816 TRACE n.a.d.j.g.EventGenerator [Thread-1] Generator( Test ) generated 2.0 events/sec
2019-09-29 13:12:44,822 TRACE n.a.d.j.g.EventGenerator [Thread-1] Generator( Test ) generated 2.0 events/sec
2019-09-29 13:12:45,840 TRACE n.a.d.j.g.EventGenerator [Thread-1] Generator( Test ) generated 2.0 events/sec
2019-09-29 13:12:46,843 TRACE n.a.d.j.g.EventGenerator [Thread-1] Generator( Test ) generated 2.0 events/sec
2019-09-29 13:12:47,847 TRACE n.a.d.j.g.EventGenerator [Thread-1] Generator( Test ) generated 2.0 events/sec
2019-09-29 13:12:48,850 TRACE n.a.d.j.g.EventGenerator [Thread-1] Generator( Test ) generated 2.0 events/sec
2019-09-29 13:12:49,852 TRACE n.a.d.j.g.EventGenerator [Thread-1] Generator( Test ) generated 2.0 events/sec
2019-09-29 13:12:50,856 TRACE n.a.d.j.g.EventGenerator [Thread-1] Generator( Test ) generated 2.0 events/sec
2019-09-29 13:12:51,859 TRACE n.a.d.j.g.EventGenerator [Thread-1] Generator( Test ) generated 2.0 events/sec
2019-09-29 13:12:52,863 TRACE n.a.d.j.g.EventGenerator [Thread-1] Generator( Test ) generated 2.0 events/sec
2019-09-29 13:12:53,866 TRACE n.a.d.j.g.EventGenerator [Thread-1] Generator( Test ) generated 2.0 events/sec
2019-09-29 13:12:54,869 TRACE n.a.d.j.g.EventGenerator [Thread-1] Generator( Test ) generated 2.0 events/sec
2019-09-29 13:12:55,873 TRACE n.a.d.j.g.EventGenerator [Thread-1] Generator( Test ) generated 2.0 events/sec
2019-09-29 13:12:56,876 TRACE n.a.d.j.g.EventGenerator [Thread-1] Generator( Test ) generated 2.0 events/sec
2019-09-29 13:12:57,880 TRACE n.a.d.j.g.EventGenerator [Thread-1] Generator( Test ) generated 2.0 events/sec
2019-09-29 13:12:58,884 TRACE n.a.d.j.g.EventGenerator [Thread-1] Generator( Test ) generated 2.0 events/sec
2019-09-29 13:12:59,888 TRACE n.a.d.j.g.EventGenerator [Thread-1] Generator( Test ) generated 2.0 events/sec
2019-09-29 13:13:00,893 TRACE n.a.d.j.g.EventGenerator [Thread-1] Generator( Test ) generated 2.0 events/sec
2019-09-29 13:13:01,896 TRACE n.a.d.j.g.EventGenerator [Thread-1] Generator( Test ) generated 2.0 events/sec
2019-09-29 13:13:02,899 TRACE n.a.d.j.g.EventGenerator [Thread-1] Generator( Test ) generated 2.0 events/sec
2019-09-29 13:13:03,903 TRACE n.a.d.j.g.EventGenerator [Thread-1] Generator( Test ) generated 2.0 events/sec
2019-09-29 13:13:04,906 TRACE n.a.d.j.g.EventGenerator [Thread-1] Generator( Test ) generated 2.0 events/sec
2019-09-29 13:13:06,052 TRACE n.a.d.j.g.EventGenerator [Thread-1] Generator( Test ) generated 2.0 events/sec
2019-09-29 13:13:07,055 TRACE n.a.d.j.g.EventGenerator [Thread-1] Generator( Test ) generated 2.0 events/sec
2019-09-29 13:13:08,060 TRACE n.a.d.j.g.EventGenerator [Thread-1] Generator( Test ) generated 2.0 events/sec
2019-09-29 13:13:09,425 TRACE n.a.d.j.g.EventGenerator [Thread-1] Generator( Test ) generated 2.0 events/sec
2019-09-29 13:13:10,433 TRACE n.a.d.j.g.EventGenerator [Thread-1] Generator( Test ) generated 2.0 events/sec
2019-09-29 13:13:11,437 TRACE n.a.d.j.g.EventGenerator [Thread-1] Generator( Test ) generated 2.0 events/sec
2019-09-29 13:13:12,439 TRACE n.a.d.j.g.EventGenerator [Thread-1] Generator( Test ) generated 2.0 events/sec
2019-09-29 13:13:13,444 TRACE n.a.d.j.g.EventGenerator [Thread-1] Generator( Test ) generated 2.0 events/sec
2019-09-29 13:13:14,449 TRACE n.a.d.j.g.EventGenerator [Thread-1] Generator( Test ) generated 2.0 events/sec
2019-09-29 13:13:15,452 TRACE n.a.d.j.g.EventGenerator [Thread-1] Generator( Test ) generated 2.0 events/sec
2019-09-29 13:13:16,458 TRACE n.a.d.j.g.EventGenerator [Thread-1] Generator( Test ) generated 2.0 events/sec
2019-09-29 13:13:17,463 TRACE n.a.d.j.g.EventGenerator [Thread-1] Generator( Test ) generated 2.0 events/sec
2019-09-29 13:13:18,465 TRACE n.a.d.j.g.EventGenerator [Thread-1] Generator( Test ) generated 2.0 events/sec
2019-09-29 13:13:19,468 TRACE n.a.d.j.g.EventGenerator [Thread-1] Generator( Test ) generated 2.0 events/sec
2019-09-29 13:13:20,472 TRACE n.a.d.j.g.EventGenerator [Thread-1] Generator( Test ) generated 2.0 events/sec
2019-09-29 13:13:21,563 TRACE n.a.d.j.g.EventGenerator [Thread-1] Generator( Test ) generated 2.0 events/sec
2019-09-29 13:13:22,566 TRACE n.a.d.j.g.EventGenerator [Thread-1] Generator( Test ) generated 2.0 events/sec
2019-09-29 13:13:23,569 TRACE n.a.d.j.g.EventGenerator [Thread-1] Generator( Test ) generated 2.0 events/sec
2019-09-29 13:13:24,573 TRACE n.a.d.j.g.EventGenerator [Thread-1] Generator( Test ) generated 2.0 events/sec
2019-09-29 13:13:25,582 TRACE n.a.d.j.g.EventGenerator [Thread-1] Generator( Test ) generated 2.0 events/sec
2019-09-29 13:13:26,595 TRACE n.a.d.j.g.EventGenerator [Thread-1] Generator( Test ) generated 2.0 events/sec
2019-09-29 13:13:27,599 TRACE n.a.d.j.g.EventGenerator [Thread-1] Generator( Test ) generated 2.0 events/sec
2019-09-29 13:13:28,603 TRACE n.a.d.j.g.EventGenerator [Thread-1] Generator( Test ) generated 2.0 events/sec
2019-09-29 13:13:29,609 TRACE n.a.d.j.g.EventGenerator [Thread-1] Generator( Test ) generated 2.0 events/sec
2019-09-29 13:13:30,613 TRACE n.a.d.j.g.EventGenerator [Thread-1] Generator( Test ) generated 2.0 events/sec
2019-09-29 13:13:31,638 TRACE n.a.d.j.g.EventGenerator [Thread-1] Generator( Test ) generated 2.0 events/sec
2019-09-29 13:13:32,643 TRACE n.a.d.j.g.EventGenerator [Thread-1] Generator( Test ) generated 2.0 events/sec
2019-09-29 13:13:33,651 TRACE n.a.d.j.g.EventGenerator [Thread-1] Generator( Test ) generated 2.0 events/sec
2019-09-29 13:13:34,656 TRACE n.a.d.j.g.EventGenerator [Thread-1] Generator( Test ) generated 2.0 events/sec
2019-09-29 13:13:35,662 TRACE n.a.d.j.g.EventGenerator [Thread-1] Generator( Test ) generated 2.0 events/sec
2019-09-29 13:13:36,667 TRACE n.a.d.j.g.EventGenerator [Thread-1] Generator( Test ) generated 2.0 events/sec
2019-09-29 13:13:37,672 TRACE n.a.d.j.g.EventGenerator [Thread-1] Generator( Test ) generated 2.0 events/sec
2019-09-29 13:13:38,684 TRACE n.a.d.j.g.EventGenerator [Thread-1] Generator( Test ) generated 2.0 events/sec
2019-09-29 13:13:39,690 TRACE n.a.d.j.g.EventGenerator [Thread-1] Generator( Test ) generated 2.0 events/sec
2019-09-29 13:13:40,695 TRACE n.a.d.j.g.EventGenerator [Thread-1] Generator( Test ) generated 2.0 events/sec
2019-09-29 13:13:41,704 TRACE n.a.d.j.g.EventGenerator [Thread-1] Generator( Test ) generated 2.0 events/sec
2019-09-29 13:13:42,717 TRACE n.a.d.j.g.EventGenerator [Thread-1] Generator( Test ) generated 2.0 events/sec
2019-09-29 13:13:43,722 TRACE n.a.d.j.g.EventGenerator [Thread-1] Generator( Test ) generated 2.0 events/sec
2019-09-29 13:13:44,727 TRACE n.a.d.j.g.EventGenerator [Thread-1] Generator( Test ) generated 2.0 events/sec
2019-09-29 13:13:45,735 TRACE n.a.d.j.g.EventGenerator [Thread-1] Generator( Test ) generated 2.0 events/sec
2019-09-29 13:13:46,742 TRACE n.a.d.j.g.EventGenerator [Thread-1] Generator( Test ) generated 2.0 events/sec
2019-09-29 13:13:47,747 TRACE n.a.d.j.g.EventGenerator [Thread-1] Generator( Test ) generated 2.0 events/sec
2019-09-29 13:13:48,751 TRACE n.a.d.j.g.EventGenerator [Thread-1] Generator( Test ) generated 2.0 events/sec
2019-09-29 13:13:49,756 TRACE n.a.d.j.g.EventGenerator [Thread-1] Generator( Test ) generated 2.0 events/sec
2019-09-29 13:13:50,761 TRACE n.a.d.j.g.EventGenerator [Thread-1] Generator( Test ) generated 2.0 events/sec
2019-09-29 13:13:51,767 TRACE n.a.d.j.g.EventGenerator [Thread-1] Generator( Test ) generated 2.0 events/sec
2019-09-29 13:13:52,773 TRACE n.a.d.j.g.EventGenerator [Thread-1] Generator( Test ) generated 2.0 events/sec
2019-09-29 13:13:53,779 TRACE n.a.d.j.g.EventGenerator [Thread-1] Generator( Test ) generated 2.0 events/sec
2019-09-29 13:13:54,784 TRACE n.a.d.j.g.EventGenerator [Thread-1] Generator( Test ) generated 2.0 events/sec
2019-09-29 13:13:55,787 TRACE n.a.d.j.g.EventGenerator [Thread-1] Generator( Test ) generated 2.0 events/sec
2019-09-29 13:13:56,796 TRACE n.a.d.j.g.EventGenerator [Thread-1] Generator( Test ) generated 2.0 events/sec
2019-09-29 13:13:57,801 TRACE n.a.d.j.g.EventGenerator [Thread-1] Generator( Test ) generated 2.0 events/sec
2019-09-29 13:13:58,805 TRACE n.a.d.j.g.EventGenerator [Thread-1] Generator( Test ) generated 2.0 events/sec
2019-09-29 13:13:59,820 TRACE n.a.d.j.g.EventGenerator [Thread-1] Generator( Test ) generated 2.0 events/sec
2019-09-29 13:14:00,826 TRACE n.a.d.j.g.EventGenerator [Thread-1] Generator( Test ) generated 2.0 events/sec
2019-09-29 13:14:01,830 TRACE n.a.d.j.g.EventGenerator [Thread-1] Generator( Test ) generated 2.0 events/sec
2019-09-29 13:14:02,836 TRACE n.a.d.j.g.EventGenerator [Thread-1] Generator( Test ) generated 2.0 events/sec
2019-09-29 13:14:03,844 TRACE n.a.d.j.g.EventGenerator [Thread-1] Generator( Test ) generated 2.0 events/sec
2019-09-29 13:14:04,850 TRACE n.a.d.j.g.EventGenerator [Thread-1] Generator( Test ) generated 2.0 events/sec
2019-09-29 13:14:05,854 TRACE n.a.d.j.g.EventGenerator [Thread-1] Generator( Test ) generated 2.0 events/sec
2019-09-29 13:14:06,857 TRACE n.a.d.j.g.EventGenerator [Thread-1] Generator( Test ) generated 2.0 events/sec
2019-09-29 13:14:07,859 TRACE n.a.d.j.g.EventGenerator [Thread-1] Generator( Test ) generated 2.0 events/sec
2019-09-29 13:14:08,862 TRACE n.a.d.j.g.EventGenerator [Thread-1] Generator( Test ) generated 2.0 events/sec
2019-09-29 13:14:10,155 TRACE n.a.d.j.g.EventGenerator [Thread-1] Generator( Test ) generated 2.0 events/sec
2019-09-29 13:14:11,158 TRACE n.a.d.j.g.EventGenerator [Thread-1] Generator( Test ) generated 2.0 events/sec
2019-09-29 13:14:12,161 TRACE n.a.d.j.g.EventGenerator [Thread-1] Generator( Test ) generated 2.0 events/sec
2019-09-29 13:14:13,166 TRACE n.a.d.j.g.EventGenerator [Thread-1] Generator( Test ) generated 2.0 events/sec
2019-09-29 13:14:14,170 TRACE n.a.d.j.g.EventGenerator [Thread-1] Generator( Test ) generated 2.0 events/sec
2019-09-29 13:14:15,175 TRACE n.a.d.j.g.EventGenerator [Thread-1] Generator( Test ) generated 2.0 events/sec
2019-09-29 13:14:16,179 TRACE n.a.d.j.g.EventGenerator [Thread-1] Generator( Test ) generated 2.0 events/sec
2019-09-29 13:14:17,183 TRACE n.a.d.j.g.EventGenerator [Thread-1] Generator( Test ) generated 2.0 events/sec
2019-09-29 13:14:18,186 TRACE n.a.d.j.g.EventGenerator [Thread-1] Generator( Test ) generated 2.0 events/sec
2019-09-29 13:14:19,189 TRACE n.a.d.j.g.EventGenerator [Thread-1] Generator( Test ) generated 2.0 events/sec
2019-09-29 13:14:20,193 TRACE n.a.d.j.g.EventGenerator [Thread-1] Generator( Test ) generated 2.0 events/sec
2019-09-29 13:14:21,198 TRACE n.a.d.j.g.EventGenerator [Thread-1] Generator( Test ) generated 2.0 events/sec
2019-09-29 13:14:22,202 TRACE n.a.d.j.g.EventGenerator [Thread-1] Generator( Test ) generated 2.0 events/sec
2019-09-29 13:14:23,205 TRACE n.a.d.j.g.EventGenerator [Thread-1] Generator( Test ) generated 2.0 events/sec
2019-09-29 13:14:24,214 TRACE n.a.d.j.g.EventGenerator [Thread-1] Generator( Test ) generated 2.0 events/sec
2019-09-29 13:14:25,220 TRACE n.a.d.j.g.EventGenerator [Thread-1] Generator( Test ) generated 2.0 events/sec
2019-09-29 13:14:26,227 TRACE n.a.d.j.g.EventGenerator [Thread-1] Generator( Test ) generated 2.0 events/sec
2019-09-29 13:14:27,232 TRACE n.a.d.j.g.EventGenerator [Thread-1] Generator( Test ) generated 2.0 events/sec
2019-09-29 13:14:28,237 TRACE n.a.d.j.g.EventGenerator [Thread-1] Generator( Test ) generated 2.0 events/sec
2019-09-29 13:14:29,242 TRACE n.a.d.j.g.EventGenerator [Thread-1] Generator( Test ) generated 2.0 events/sec
2019-09-29 13:14:30,250 TRACE n.a.d.j.g.EventGenerator [Thread-1] Generator( Test ) generated 2.0 events/sec
2019-09-29 13:14:31,252 TRACE n.a.d.j.g.EventGenerator [Thread-1] Generator( Test ) generated 2.0 events/sec
2019-09-29 13:14:32,255 TRACE n.a.d.j.g.EventGenerator [Thread-1] Generator( Test ) generated 2.0 events/sec
2019-09-29 13:14:33,259 TRACE n.a.d.j.g.EventGenerator [Thread-1] Generator( Test ) generated 2.0 events/sec
2019-09-29 13:14:34,262 TRACE n.a.d.j.g.EventGenerator [Thread-1] Generator( Test ) generated 2.0 events/sec
2019-09-29 13:14:35,267 TRACE n.a.d.j.g.EventGenerator [Thread-1] Generator( Test ) generated 2.0 events/sec
2019-09-29 13:14:36,270 TRACE n.a.d.j.g.EventGenerator [Thread-1] Generator( Test ) generated 2.0 events/sec
2019-09-29 13:14:37,277 TRACE n.a.d.j.g.EventGenerator [Thread-1] Generator( Test ) generated 2.0 events/sec
2019-09-29 13:14:38,280 TRACE n.a.d.j.g.EventGenerator [Thread-1] Generator( Test ) generated 2.0 events/sec
2019-09-29 13:14:39,291 TRACE n.a.d.j.g.EventGenerator [Thread-1] Generator( Test ) generated 2.0 events/sec
2019-09-29 13:14:40,297 TRACE n.a.d.j.g.EventGenerator [Thread-1] Generator( Test ) generated 2.0 events/sec
2019-09-29 13:14:41,301 TRACE n.a.d.j.g.EventGenerator [Thread-1] Generator( Test ) generated 2.0 events/sec
2019-09-29 13:14:42,304 TRACE n.a.d.j.g.EventGenerator [Thread-1] Generator( Test ) generated 2.0 events/sec
2019-09-29 13:14:43,306 TRACE n.a.d.j.g.EventGenerator [Thread-1] Generator( Test ) generated 2.0 events/sec
2019-09-29 13:14:44,309 TRACE n.a.d.j.g.EventGenerator [Thread-1] Generator( Test ) generated 2.0 events/sec
2019-09-29 13:14:45,312 TRACE n.a.d.j.g.EventGenerator [Thread-1] Generator( Test ) generated 2.0 events/sec
2019-09-29 13:14:46,315 TRACE n.a.d.j.g.EventGenerator [Thread-1] Generator( Test ) generated 2.0 events/sec
2019-09-29 13:14:47,318 TRACE n.a.d.j.g.EventGenerator [Thread-1] Generator( Test ) generated 2.0 events/sec
2019-09-29 13:14:48,322 TRACE n.a.d.j.g.EventGenerator [Thread-1] Generator( Test ) generated 2.0 events/sec
2019-09-29 13:14:49,325 TRACE n.a.d.j.g.EventGenerator [Thread-1] Generator( Test ) generated 2.0 events/sec
2019-09-29 13:14:50,331 TRACE n.a.d.j.g.EventGenerator [Thread-1] Generator( Test ) generated 2.0 events/sec
2019-09-29 13:14:51,335 TRACE n.a.d.j.g.EventGenerator [Thread-1] Generator( Test ) generated 2.0 events/sec
2019-09-29 13:14:52,342 TRACE n.a.d.j.g.EventGenerator [Thread-1] Generator( Test ) generated 2.0 events/sec
2019-09-29 13:14:53,345 TRACE n.a.d.j.g.EventGenerator [Thread-1] Generator( Test ) generated 2.0 events/sec
2019-09-29 13:14:54,347 TRACE n.a.d.j.g.EventGenerator [Thread-1] Generator( Test ) generated 2.0 events/sec
2019-09-29 13:14:55,353 TRACE n.a.d.j.g.EventGenerator [Thread-1] Generator( Test ) generated 2.0 events/sec
2019-09-29 13:14:56,356 TRACE n.a.d.j.g.EventGenerator [Thread-1] Generator( Test ) generated 2.0 events/sec
2019-09-29 13:14:57,360 TRACE n.a.d.j.g.EventGenerator [Thread-1] Generator( Test ) generated 2.0 events/sec
2019-09-29 13:14:58,364 TRACE n.a.d.j.g.EventGenerator [Thread-1] Generator( Test ) generated 2.0 events/sec
2019-09-29 13:14:59,369 TRACE n.a.d.j.g.EventGenerator [Thread-1] Generator( Test ) generated 2.0 events/sec
2019-09-29 13:15:00,375 TRACE n.a.d.j.g.EventGenerator [Thread-1] Generator( Test ) generated 2.0 events/sec
2019-09-29 13:15:01,383 TRACE n.a.d.j.g.EventGenerator [Thread-1] Generator( Test ) generated 2.0 events/sec
2019-09-29 13:15:02,390 TRACE n.a.d.j.g.EventGenerator [Thread-1] Generator( Test ) generated 2.0 events/sec
2019-09-29 13:15:03,395 TRACE n.a.d.j.g.EventGenerator [Thread-1] Generator( Test ) generated 2.0 events/sec
2019-09-29 13:15:04,399 TRACE n.a.d.j.g.EventGenerator [Thread-1] Generator( Test ) generated 2.0 events/sec
2019-09-29 13:15:05,406 TRACE n.a.d.j.g.EventGenerator [Thread-1] Generator( Test ) generated 2.0 events/sec
2019-09-29 13:15:06,410 TRACE n.a.d.j.g.EventGenerator [Thread-1] Generator( Test ) generated 2.0 events/sec
2019-09-29 13:15:07,413 TRACE n.a.d.j.g.EventGenerator [Thread-1] Generator( Test ) generated 2.0 events/sec
2019-09-29 13:15:08,416 TRACE n.a.d.j.g.EventGenerator [Thread-1] Generator( Test ) generated 2.0 events/sec
2019-09-29 13:15:09,419 TRACE n.a.d.j.g.EventGenerator [Thread-1] Generator( Test ) generated 2.0 events/sec
2019-09-29 13:15:10,424 TRACE n.a.d.j.g.EventGenerator [Thread-1] Generator( Test ) generated 2.0 events/sec
2019-09-29 13:15:11,476 TRACE n.a.d.j.g.EventGenerator [Thread-1] Generator( Test ) generated 2.0 events/sec
2019-09-29 13:15:12,478 TRACE n.a.d.j.g.EventGenerator [Thread-1] Generator( Test ) generated 2.0 events/sec
2019-09-29 13:15:13,482 TRACE n.a.d.j.g.EventGenerator [Thread-1] Generator( Test ) generated 2.0 events/sec
2019-09-29 13:15:14,487 TRACE n.a.d.j.g.EventGenerator [Thread-1] Generator( Test ) generated 2.0 events/sec
2019-09-29 13:15:15,491 TRACE n.a.d.j.g.EventGenerator [Thread-1] Generator( Test ) generated 2.0 events/sec
2019-09-29 13:15:16,495 TRACE n.a.d.j.g.EventGenerator [Thread-1] Generator( Test ) generated 2.0 events/sec
2019-09-29 13:15:17,502 TRACE n.a.d.j.g.EventGenerator [Thread-1] Generator( Test ) generated 2.0 events/sec
2019-09-29 13:15:18,506 TRACE n.a.d.j.g.EventGenerator [Thread-1] Generator( Test ) generated 2.0 events/sec
2019-09-29 13:15:19,507 TRACE n.a.d.j.g.EventGenerator [Thread-1] Generator( Test ) generated 2.0 events/sec
2019-09-29 13:15:20,511 TRACE n.a.d.j.g.EventGenerator [Thread-1] Generator( Test ) generated 2.0 events/sec
2019-09-29 13:15:21,516 TRACE n.a.d.j.g.EventGenerator [Thread-1] Generator( Test ) generated 2.0 events/sec
2019-09-29 13:15:22,520 TRACE n.a.d.j.g.EventGenerator [Thread-1] Generator( Test ) generated 2.0 events/sec
2019-09-29 13:15:23,525 TRACE n.a.d.j.g.EventGenerator [Thread-1] Generator( Test ) generated 2.0 events/sec
2019-09-29 13:15:24,530 TRACE n.a.d.j.g.EventGenerator [Thread-1] Generator( Test ) generated 2.0 events/sec
2019-09-29 13:15:25,536 TRACE n.a.d.j.g.EventGenerator [Thread-1] Generator( Test ) generated 2.0 events/sec
2019-09-29 13:15:26,539 TRACE n.a.d.j.g.EventGenerator [Thread-1] Generator( Test ) generated 2.0 events/sec
2019-09-29 13:15:27,542 TRACE n.a.d.j.g.EventGenerator [Thread-1] Generator( Test ) generated 2.0 events/sec
2019-09-29 13:15:28,546 TRACE n.a.d.j.g.EventGenerator [Thread-1] Generator( Test ) generated 2.0 events/sec
2019-09-29 13:15:29,551 TRACE n.a.d.j.g.EventGenerator [Thread-1] Generator( Test ) generated 2.0 events/sec
2019-09-29 13:15:30,556 TRACE n.a.d.j.g.EventGenerator [Thread-1] Generator( Test ) generated 2.0 events/sec
2019-09-29 13:15:31,559 TRACE n.a.d.j.g.EventGenerator [Thread-1] Generator( Test ) generated 2.0 events/sec
2019-09-29 13:15:32,561 TRACE n.a.d.j.g.EventGenerator [Thread-1] Generator( Test ) generated 2.0 events/sec
2019-09-29 13:15:33,564 TRACE n.a.d.j.g.EventGenerator [Thread-1] Generator( Test ) generated 2.0 events/sec
2019-09-29 13:15:34,568 TRACE n.a.d.j.g.EventGenerator [Thread-1] Generator( Test ) generated 2.0 events/sec
2019-09-29 13:15:35,571 TRACE n.a.d.j.g.EventGenerator [Thread-1] Generator( Test ) generated 2.0 events/sec
2019-09-29 13:15:36,573 TRACE n.a.d.j.g.EventGenerator [Thread-1] Generator( Test ) generated 2.0 events/sec
2019-09-29 13:15:37,578 TRACE n.a.d.j.g.EventGenerator [Thread-1] Generator( Test ) generated 2.0 events/sec
2019-09-29 13:15:38,583 TRACE n.a.d.j.g.EventGenerator [Thread-1] Generator( Test ) generated 2.0 events/sec
2019-09-29 13:15:39,587 TRACE n.a.d.j.g.EventGenerator [Thread-1] Generator( Test ) generated 2.0 events/sec
2019-09-29 13:15:40,592 TRACE n.a.d.j.g.EventGenerator [Thread-1] Generator( Test ) generated 2.0 events/sec
2019-09-29 13:15:41,596 TRACE n.a.d.j.g.EventGenerator [Thread-1] Generator( Test ) generated 2.0 events/sec
2019-09-29 13:15:42,601 TRACE n.a.d.j.g.EventGenerator [Thread-1] Generator( Test ) generated 2.0 events/sec
2019-09-29 13:15:43,606 TRACE n.a.d.j.g.EventGenerator [Thread-1] Generator( Test ) generated 2.0 events/sec
2019-09-29 13:15:44,612 TRACE n.a.d.j.g.EventGenerator [Thread-1] Generator( Test ) generated 2.0 events/sec
2019-09-29 13:15:45,617 TRACE n.a.d.j.g.EventGenerator [Thread-1] Generator( Test ) generated 2.0 events/sec
2019-09-29 13:15:46,626 TRACE n.a.d.j.g.EventGenerator [Thread-1] Generator( Test ) generated 2.0 events/sec
2019-09-29 13:15:47,630 TRACE n.a.d.j.g.EventGenerator [Thread-1] Generator( Test ) generated 2.0 events/sec
2019-09-29 13:15:48,634 TRACE n.a.d.j.g.EventGenerator [Thread-1] Generator( Test ) generated 2.0 events/sec
2019-09-29 13:15:49,638 TRACE n.a.d.j.g.EventGenerator [Thread-1] Generator( Test ) generated 2.0 events/sec
2019-09-29 13:15:50,642 TRACE n.a.d.j.g.EventGenerator [Thread-1] Generator( Test ) generated 2.0 events/sec
2019-09-29 13:15:51,646 TRACE n.a.d.j.g.EventGenerator [Thread-1] Generator( Test ) generated 2.0 events/sec
2019-09-29 13:15:52,650 TRACE n.a.d.j.g.EventGenerator [Thread-1] Generator( Test ) generated 2.0 events/sec
2019-09-29 13:15:53,663 TRACE n.a.d.j.g.EventGenerator [Thread-1] Generator( Test ) generated 2.0 events/sec
2019-09-29 13:15:54,666 TRACE n.a.d.j.g.EventGenerator [Thread-1] Generator( Test ) generated 2.0 events/sec
2019-09-29 13:15:55,669 TRACE n.a.d.j.g.EventGenerator [Thread-1] Generator( Test ) generated 2.0 events/sec
2019-09-29 13:15:56,672 TRACE n.a.d.j.g.EventGenerator [Thread-1] Generator( Test ) generated 2.0 events/sec
2019-09-29 13:15:57,679 TRACE n.a.d.j.g.EventGenerator [Thread-1] Generator( Test ) generated 2.0 events/sec
2019-09-29 13:15:58,689 TRACE n.a.d.j.g.EventGenerator [Thread-1] Generator( Test ) generated 2.0 events/sec
2019-09-29 13:15:59,692 TRACE n.a.d.j.g.EventGenerator [Thread-1] Generator( Test ) generated 2.0 events/sec
2019-09-29 13:16:00,696 TRACE n.a.d.j.g.EventGenerator [Thread-1] Generator( Test ) generated 2.0 events/sec
2019-09-29 13:16:01,700 TRACE n.a.d.j.g.EventGenerator [Thread-1] Generator( Test ) generated 2.0 events/sec
2019-09-29 13:16:02,705 TRACE n.a.d.j.g.EventGenerator [Thread-1] Generator( Test ) generated 2.0 events/sec
2019-09-29 13:16:03,712 TRACE n.a.d.j.g.EventGenerator [Thread-1] Generator( Test ) generated 2.0 events/sec
2019-09-29 13:16:04,716 TRACE n.a.d.j.g.EventGenerator [Thread-1] Generator( Test ) generated 2.0 events/sec
2019-09-29 13:16:05,724 TRACE n.a.d.j.g.EventGenerator [Thread-1] Generator( Test ) generated 2.0 events/sec
2019-09-29 13:16:06,731 TRACE n.a.d.j.g.EventGenerator [Thread-1] Generator( Test ) generated 2.0 events/sec
2019-09-29 13:16:07,736 TRACE n.a.d.j.g.EventGenerator [Thread-1] Generator( Test ) generated 2.0 events/sec
2019-09-29 13:16:08,742 TRACE n.a.d.j.g.EventGenerator [Thread-1] Generator( Test ) generated 2.0 events/sec
2019-09-29 13:16:09,746 TRACE n.a.d.j.g.EventGenerator [Thread-1] Generator( Test ) generated 2.0 events/sec
2019-09-29 13:16:10,753 TRACE n.a.d.j.g.EventGenerator [Thread-1] Generator( Test ) generated 2.0 events/sec
2019-09-29 13:16:11,757 TRACE n.a.d.j.g.EventGenerator [Thread-1] Generator( Test ) generated 2.0 events/sec
2019-09-29 13:16:12,760 TRACE n.a.d.j.g.EventGenerator [Thread-1] Generator( Test ) generated 2.0 events/sec
2019-09-29 13:16:13,772 TRACE n.a.d.j.g.EventGenerator [Thread-1] Generator( Test ) generated 2.0 events/sec
2019-09-29 13:16:14,776 TRACE n.a.d.j.g.EventGenerator [Thread-1] Generator( Test ) generated 2.0 events/sec
2019-09-29 13:16:15,780 TRACE n.a.d.j.g.EventGenerator [Thread-1] Generator( Test ) generated 2.0 events/sec
2019-09-29 13:16:16,785 TRACE n.a.d.j.g.EventGenerator [Thread-1] Generator( Test ) generated 2.0 events/sec
2019-09-29 13:16:17,789 TRACE n.a.d.j.g.EventGenerator [Thread-1] Generator( Test ) generated 2.0 events/sec
2019-09-29 13:16:18,793 TRACE n.a.d.j.g.EventGenerator [Thread-1] Generator( Test ) generated 2.0 events/sec
2019-09-29 13:16:19,797 TRACE n.a.d.j.g.EventGenerator [Thread-1] Generator( Test ) generated 2.0 events/sec
2019-09-29 13:16:20,802 TRACE n.a.d.j.g.EventGenerator [Thread-1] Generator( Test ) generated 2.0 events/sec
2019-09-29 13:16:21,806 TRACE n.a.d.j.g.EventGenerator [Thread-1] Generator( Test ) generated 2.0 events/sec
2019-09-29 13:16:22,811 TRACE n.a.d.j.g.EventGenerator [Thread-1] Generator( Test ) generated 2.0 events/sec
2019-09-29 13:16:23,816 TRACE n.a.d.j.g.EventGenerator [Thread-1] Generator( Test ) generated 2.0 events/sec
2019-09-29 13:16:24,819 TRACE n.a.d.j.g.EventGenerator [Thread-1] Generator( Test ) generated 2.0 events/sec
2019-09-29 13:16:25,824 TRACE n.a.d.j.g.EventGenerator [Thread-1] Generator( Test ) generated 2.0 events/sec
2019-09-29 13:16:26,832 TRACE n.a.d.j.g.EventGenerator [Thread-1] Generator( Test ) generated 2.0 events/sec
2019-09-29 13:16:27,836 TRACE n.a.d.j.g.EventGenerator [Thread-1] Generator( Test ) generated 2.0 events/sec
2019-09-29 13:16:28,839 TRACE n.a.d.j.g.EventGenerator [Thread-1] Generator( Test ) generated 2.0 events/sec
2019-09-29 13:16:29,843 TRACE n.a.d.j.g.EventGenerator [Thread-1] Generator( Test ) generated 2.0 events/sec
2019-09-29 13:16:30,848 TRACE n.a.d.j.g.EventGenerator [Thread-1] Generator( Test ) generated 2.0 events/sec
2019-09-29 13:16:31,852 TRACE n.a.d.j.g.EventGenerator [Thread-1] Generator( Test ) generated 2.0 events/sec
2019-09-29 13:16:32,856 TRACE n.a.d.j.g.EventGenerator [Thread-1] Generator( Test ) generated 2.0 events/sec
2019-09-29 13:16:33,863 TRACE n.a.d.j.g.EventGenerator [Thread-1] Generator( Test ) generated 2.0 events/sec
2019-09-29 13:16:34,868 TRACE n.a.d.j.g.EventGenerator [Thread-1] Generator( Test ) generated 2.0 events/sec
2019-09-29 13:16:35,873 TRACE n.a.d.j.g.EventGenerator [Thread-1] Generator( Test ) generated 2.0 events/sec
2019-09-29 13:16:36,876 TRACE n.a.d.j.g.EventGenerator [Thread-1] Generator( Test ) generated 2.0 events/sec
2019-09-29 13:16:37,879 TRACE n.a.d.j.g.EventGenerator [Thread-1] Generator( Test ) generated 2.0 events/sec
2019-09-29 13:16:38,885 TRACE n.a.d.j.g.EventGenerator [Thread-1] Generator( Test ) generated 2.0 events/sec
2019-09-29 13:16:39,888 TRACE n.a.d.j.g.EventGenerator [Thread-1] Generator( Test ) generated 2.0 events/sec
2019-09-29 13:16:40,891 TRACE n.a.d.j.g.EventGenerator [Thread-1] Generator( Test ) generated 2.0 events/sec
2019-09-29 13:16:41,894 TRACE n.a.d.j.g.EventGenerator [Thread-1] Generator( Test ) generated 2.0 events/sec
2019-09-29 13:16:42,898 TRACE n.a.d.j.g.EventGenerator [Thread-1] Generator( Test ) generated 2.0 events/sec
2019-09-29 13:16:43,904 TRACE n.a.d.j.g.EventGenerator [Thread-1] Generator( Test ) generated 2.0 events/sec
2019-09-29 13:16:44,906 TRACE n.a.d.j.g.EventGenerator [Thread-1] Generator( Test ) generated 2.0 events/sec
2019-09-29 13:16:45,911 TRACE n.a.d.j.g.EventGenerator [Thread-1] Generator( Test ) generated 2.0 events/sec
2019-09-29 13:16:46,917 TRACE n.a.d.j.g.EventGenerator [Thread-1] Generator( Test ) generated 2.0 events/sec
2019-09-29 13:16:47,920 TRACE n.a.d.j.g.EventGenerator [Thread-1] Generator( Test ) generated 2.0 events/sec
2019-09-29 13:16:48,929 TRACE n.a.d.j.g.EventGenerator [Thread-1] Generator( Test ) generated 2.0 events/sec
2019-09-29 13:16:49,932 TRACE n.a.d.j.g.EventGenerator [Thread-1] Generator( Test ) generated 2.0 events/sec
2019-09-29 13:16:50,935 TRACE n.a.d.j.g.EventGenerator [Thread-1] Generator( Test ) generated 2.0 events/sec
2019-09-29 13:16:51,937 TRACE n.a.d.j.g.EventGenerator [Thread-1] Generator( Test ) generated 2.0 events/sec
2019-09-29 13:16:52,941 TRACE n.a.d.j.g.EventGenerator [Thread-1] Generator( Test ) generated 2.0 events/sec
2019-09-29 13:16:54,009 TRACE n.a.d.j.g.EventGenerator [Thread-1] Generator( Test ) generated 2.0 events/sec
2019-09-29 13:16:55,014 TRACE n.a.d.j.g.EventGenerator [Thread-1] Generator( Test ) generated 2.0 events/sec
2019-09-29 13:16:56,016 TRACE n.a.d.j.g.EventGenerator [Thread-1] Generator( Test ) generated 2.0 events/sec
2019-09-29 13:16:57,018 TRACE n.a.d.j.g.EventGenerator [Thread-1] Generator( Test ) generated 2.0 events/sec
2019-09-29 13:16:58,023 TRACE n.a.d.j.g.EventGenerator [Thread-1] Generator( Test ) generated 2.0 events/sec
2019-09-29 13:16:59,029 TRACE n.a.d.j.g.EventGenerator [Thread-1] Generator( Test ) generated 2.0 events/sec
2019-09-29 13:17:00,032 TRACE n.a.d.j.g.EventGenerator [Thread-1] Generator( Test ) generated 2.0 events/sec
2019-09-29 13:17:01,035 TRACE n.a.d.j.g.EventGenerator [Thread-1] Generator( Test ) generated 2.0 events/sec
2019-09-29 13:17:02,039 TRACE n.a.d.j.g.EventGenerator [Thread-1] Generator( Test ) generated 2.0 events/sec
2019-09-29 13:17:03,044 TRACE n.a.d.j.g.EventGenerator [Thread-1] Generator( Test ) generated 2.0 events/sec
2019-09-29 13:17:04,050 TRACE n.a.d.j.g.EventGenerator [Thread-1] Generator( Test ) generated 2.0 events/sec
2019-09-29 13:17:05,053 TRACE n.a.d.j.g.EventGenerator [Thread-1] Generator( Test ) generated 2.0 events/sec
2019-09-29 13:17:06,058 TRACE n.a.d.j.g.EventGenerator [Thread-1] Generator( Test ) generated 2.0 events/sec
2019-09-29 13:17:07,062 TRACE n.a.d.j.g.EventGenerator [Thread-1] Generator( Test ) generated 2.0 events/sec
2019-09-29 13:17:08,066 TRACE n.a.d.j.g.EventGenerator [Thread-1] Generator( Test ) generated 2.0 events/sec
2019-09-29 13:17:09,072 TRACE n.a.d.j.g.EventGenerator [Thread-1] Generator( Test ) generated 2.0 events/sec
2019-09-29 13:17:10,078 TRACE n.a.d.j.g.EventGenerator [Thread-1] Generator( Test ) generated 2.0 events/sec
2019-09-29 13:17:11,085 TRACE n.a.d.j.g.EventGenerator [Thread-1] Generator( Test ) generated 2.0 events/sec
2019-09-29 13:17:12,088 TRACE n.a.d.j.g.EventGenerator [Thread-1] Generator( Test ) generated 2.0 events/sec
2019-09-29 13:17:13,092 TRACE n.a.d.j.g.EventGenerator [Thread-1] Generator( Test ) generated 2.0 events/sec
2019-09-29 13:17:14,097 TRACE n.a.d.j.g.EventGenerator [Thread-1] Generator( Test ) generated 2.0 events/sec
2019-09-29 13:17:15,101 TRACE n.a.d.j.g.EventGenerator [Thread-1] Generator( Test ) generated 2.0 events/sec
2019-09-29 13:17:16,103 TRACE n.a.d.j.g.EventGenerator [Thread-1] Generator( Test ) generated 2.0 events/sec
2019-09-29 13:17:17,107 TRACE n.a.d.j.g.EventGenerator [Thread-1] Generator( Test ) generated 2.0 events/sec
2019-09-29 13:17:18,111 TRACE n.a.d.j.g.EventGenerator [Thread-1] Generator( Test ) generated 2.0 events/sec
2019-09-29 13:17:19,117 TRACE n.a.d.j.g.EventGenerator [Thread-1] Generator( Test ) generated 2.0 events/sec
2019-09-29 13:17:20,119 TRACE n.a.d.j.g.EventGenerator [Thread-1] Generator( Test ) generated 2.0 events/sec
2019-09-29 13:17:21,123 TRACE n.a.d.j.g.EventGenerator [Thread-1] Generator( Test ) generated 2.0 events/sec
2019-09-29 13:17:22,132 TRACE n.a.d.j.g.EventGenerator [Thread-1] Generator( Test ) generated 2.0 events/sec
2019-09-29 13:17:23,137 TRACE n.a.d.j.g.EventGenerator [Thread-1] Generator( Test ) generated 2.0 events/sec
2019-09-29 13:17:24,143 TRACE n.a.d.j.g.EventGenerator [Thread-1] Generator( Test ) generated 2.0 events/sec
2019-09-29 13:17:25,146 TRACE n.a.d.j.g.EventGenerator [Thread-1] Generator( Test ) generated 2.0 events/sec
2019-09-29 13:17:26,149 TRACE n.a.d.j.g.EventGenerator [Thread-1] Generator( Test ) generated 2.0 events/sec
2019-09-29 13:17:27,151 TRACE n.a.d.j.g.EventGenerator [Thread-1] Generator( Test ) generated 2.0 events/sec
2019-09-29 13:17:28,155 TRACE n.a.d.j.g.EventGenerator [Thread-1] Generator( Test ) generated 2.0 events/sec
2019-09-29 13:17:29,166 TRACE n.a.d.j.g.EventGenerator [Thread-1] Generator( Test ) generated 2.0 events/sec
2019-09-29 13:17:30,167 TRACE n.a.d.j.g.EventGenerator [Thread-1] Generator( Test ) generated 2.0 events/sec
2019-09-29 13:17:31,192 TRACE n.a.d.j.g.EventGenerator [Thread-1] Generator( Test ) generated 2.0 events/sec
2019-09-29 13:17:32,195 TRACE n.a.d.j.g.EventGenerator [Thread-1] Generator( Test ) generated 2.0 events/sec
2019-09-29 13:17:33,197 TRACE n.a.d.j.g.EventGenerator [Thread-1] Generator( Test ) generated 2.0 events/sec
2019-09-29 13:17:34,201 TRACE n.a.d.j.g.EventGenerator [Thread-1] Generator( Test ) generated 2.0 events/sec
2019-09-29 13:17:35,203 TRACE n.a.d.j.g.EventGenerator [Thread-1] Generator( Test ) generated 2.0 events/sec
2019-09-29 13:17:36,207 TRACE n.a.d.j.g.EventGenerator [Thread-1] Generator( Test ) generated 2.0 events/sec
2019-09-29 13:17:37,210 TRACE n.a.d.j.g.EventGenerator [Thread-1] Generator( Test ) generated 2.0 events/sec
2019-09-29 13:17:38,215 TRACE n.a.d.j.g.EventGenerator [Thread-1] Generator( Test ) generated 2.0 events/sec
2019-09-29 13:17:39,221 TRACE n.a.d.j.g.EventGenerator [Thread-1] Generator( Test ) generated 2.0 events/sec
2019-09-29 13:17:40,225 TRACE n.a.d.j.g.EventGenerator [Thread-1] Generator( Test ) generated 2.0 events/sec
2019-09-29 13:17:41,230 TRACE n.a.d.j.g.EventGenerator [Thread-1] Generator( Test ) generated 2.0 events/sec
2019-09-29 13:17:42,233 TRACE n.a.d.j.g.EventGenerator [Thread-1] Generator( Test ) generated 2.0 events/sec
2019-09-29 13:17:43,256 TRACE n.a.d.j.g.EventGenerator [Thread-1] Generator( Test ) generated 2.0 events/sec
2019-09-29 13:17:44,262 TRACE n.a.d.j.g.EventGenerator [Thread-1] Generator( Test ) generated 2.0 events/sec
2019-09-29 13:17:45,266 TRACE n.a.d.j.g.EventGenerator [Thread-1] Generator( Test ) generated 2.0 events/sec
2019-09-29 13:17:46,269 TRACE n.a.d.j.g.EventGenerator [Thread-1] Generator( Test ) generated 2.0 events/sec
2019-09-29 13:17:47,273 TRACE n.a.d.j.g.EventGenerator [Thread-1] Generator( Test ) generated 2.0 events/sec
2019-09-29 13:17:48,277 TRACE n.a.d.j.g.EventGenerator [Thread-1] Generator( Test ) generated 2.0 events/sec
2019-09-29 13:17:49,284 TRACE n.a.d.j.g.EventGenerator [Thread-1] Generator( Test ) generated 2.0 events/sec
2019-09-29 13:17:50,287 TRACE n.a.d.j.g.EventGenerator [Thread-1] Generator( Test ) generated 2.0 events/sec
2019-09-29 13:17:51,289 TRACE n.a.d.j.g.EventGenerator [Thread-1] Generator( Test ) generated 2.0 events/sec
2019-09-29 13:17:52,293 TRACE n.a.d.j.g.EventGenerator [Thread-1] Generator( Test ) generated 2.0 events/sec
2019-09-29 13:17:53,295 TRACE n.a.d.j.g.EventGenerator [Thread-1] Generator( Test ) generated 2.0 events/sec
2019-09-29 13:17:54,300 TRACE n.a.d.j.g.EventGenerator [Thread-1] Generator( Test ) generated 2.0 events/sec
2019-09-29 13:17:55,303 TRACE n.a.d.j.g.EventGenerator [Thread-1] Generator( Test ) generated 2.0 events/sec
2019-09-29 13:17:56,309 TRACE n.a.d.j.g.EventGenerator [Thread-1] Generator( Test ) generated 2.0 events/sec
2019-09-29 13:17:57,312 TRACE n.a.d.j.g.EventGenerator [Thread-1] Generator( Test ) generated 2.0 events/sec
2019-09-29 13:17:58,316 TRACE n.a.d.j.g.EventGenerator [Thread-1] Generator( Test ) generated 2.0 events/sec
2019-09-29 13:17:59,323 TRACE n.a.d.j.g.EventGenerator [Thread-1] Generator( Test ) generated 2.0 events/sec
2019-09-29 13:18:00,327 TRACE n.a.d.j.g.EventGenerator [Thread-1] Generator( Test ) generated 2.0 events/sec
2019-09-29 13:18:01,330 TRACE n.a.d.j.g.EventGenerator [Thread-1] Generator( Test ) generated 2.0 events/sec
2019-09-29 13:18:02,334 TRACE n.a.d.j.g.EventGenerator [Thread-1] Generator( Test ) generated 2.0 events/sec
2019-09-29 13:18:03,338 TRACE n.a.d.j.g.EventGenerator [Thread-1] Generator( Test ) generated 2.0 events/sec
2019-09-29 13:18:04,344 TRACE n.a.d.j.g.EventGenerator [Thread-1] Generator( Test ) generated 2.0 events/sec
2019-09-29 13:18:05,348 TRACE n.a.d.j.g.EventGenerator [Thread-1] Generator( Test ) generated 2.0 events/sec
2019-09-29 13:18:06,352 TRACE n.a.d.j.g.EventGenerator [Thread-1] Generator( Test ) generated 2.0 events/sec
2019-09-29 13:18:07,356 TRACE n.a.d.j.g.EventGenerator [Thread-1] Generator( Test ) generated 2.0 events/sec
2019-09-29 13:18:08,362 TRACE n.a.d.j.g.EventGenerator [Thread-1] Generator( Test ) generated 2.0 events/sec
2019-09-29 13:18:09,367 TRACE n.a.d.j.g.EventGenerator [Thread-1] Generator( Test ) generated 2.0 events/sec
2019-09-29 13:18:10,371 TRACE n.a.d.j.g.EventGenerator [Thread-1] Generator( Test ) generated 2.0 events/sec
2019-09-29 13:18:11,375 TRACE n.a.d.j.g.EventGenerator [Thread-1] Generator( Test ) generated 2.0 events/sec
2019-09-29 13:18:12,380 TRACE n.a.d.j.g.EventGenerator [Thread-1] Generator( Test ) generated 2.0 events/sec
2019-09-29 13:18:13,385 TRACE n.a.d.j.g.EventGenerator [Thread-1] Generator( Test ) generated 2.0 events/sec
2019-09-29 13:18:14,392 TRACE n.a.d.j.g.EventGenerator [Thread-1] Generator( Test ) generated 2.0 events/sec
2019-09-29 13:18:15,434 TRACE n.a.d.j.g.EventGenerator [Thread-1] Generator( Test ) generated 2.0 events/sec
2019-09-29 13:18:16,438 TRACE n.a.d.j.g.EventGenerator [Thread-1] Generator( Test ) generated 2.0 events/sec
2019-09-29 13:18:17,441 TRACE n.a.d.j.g.EventGenerator [Thread-1] Generator( Test ) generated 2.0 events/sec
2019-09-29 13:18:18,445 TRACE n.a.d.j.g.EventGenerator [Thread-1] Generator( Test ) generated 2.0 events/sec
2019-09-29 13:18:19,451 TRACE n.a.d.j.g.EventGenerator [Thread-1] Generator( Test ) generated 2.0 events/sec
2019-09-29 13:18:20,453 TRACE n.a.d.j.g.EventGenerator [Thread-1] Generator( Test ) generated 2.0 events/sec
2019-09-29 13:18:21,457 TRACE n.a.d.j.g.EventGenerator [Thread-1] Generator( Test ) generated 2.0 events/sec
2019-09-29 13:18:22,475 TRACE n.a.d.j.g.EventGenerator [Thread-1] Generator( Test ) generated 2.0 events/sec
2019-09-29 13:18:23,480 TRACE n.a.d.j.g.EventGenerator [Thread-1] Generator( Test ) generated 2.0 events/sec
2019-09-29 13:18:24,485 TRACE n.a.d.j.g.EventGenerator [Thread-1] Generator( Test ) generated 2.0 events/sec
2019-09-29 13:18:25,488 TRACE n.a.d.j.g.EventGenerator [Thread-1] Generator( Test ) generated 2.0 events/sec
2019-09-29 13:18:26,494 TRACE n.a.d.j.g.EventGenerator [Thread-1] Generator( Test ) generated 2.0 events/sec
2019-09-29 13:18:27,499 TRACE n.a.d.j.g.EventGenerator [Thread-1] Generator( Test ) generated 2.0 events/sec
2019-09-29 13:18:28,503 TRACE n.a.d.j.g.EventGenerator [Thread-1] Generator( Test ) generated 2.0 events/sec
2019-09-29 13:18:29,509 TRACE n.a.d.j.g.EventGenerator [Thread-1] Generator( Test ) generated 2.0 events/sec
2019-09-29 13:18:30,514 TRACE n.a.d.j.g.EventGenerator [Thread-1] Generator( Test ) generated 2.0 events/sec
2019-09-29 13:18:31,517 TRACE n.a.d.j.g.EventGenerator [Thread-1] Generator( Test ) generated 2.0 events/sec
2019-09-29 13:18:32,520 TRACE n.a.d.j.g.EventGenerator [Thread-1] Generator( Test ) generated 2.0 events/sec
2019-09-29 13:18:33,524 TRACE n.a.d.j.g.EventGenerator [Thread-1] Generator( Test ) generated 2.0 events/sec
2019-09-29 13:18:34,529 TRACE n.a.d.j.g.EventGenerator [Thread-1] Generator( Test ) generated 2.0 events/sec
2019-09-29 13:18:35,534 TRACE n.a.d.j.g.EventGenerator [Thread-1] Generator( Test ) generated 2.0 events/sec
2019-09-29 13:18:36,539 TRACE n.a.d.j.g.EventGenerator [Thread-1] Generator( Test ) generated 2.0 events/sec
2019-09-29 13:18:37,543 TRACE n.a.d.j.g.EventGenerator [Thread-1] Generator( Test ) generated 2.0 events/sec
2019-09-29 13:18:38,545 TRACE n.a.d.j.g.EventGenerator [Thread-1] Generator( Test ) generated 2.0 events/sec
2019-09-29 13:18:39,550 TRACE n.a.d.j.g.EventGenerator [Thread-1] Generator( Test ) generated 2.0 events/sec
2019-09-29 13:18:40,554 TRACE n.a.d.j.g.EventGenerator [Thread-1] Generator( Test ) generated 2.0 events/sec
2019-09-29 13:18:41,556 TRACE n.a.d.j.g.EventGenerator [Thread-1] Generator( Test ) generated 2.0 events/sec
2019-09-29 13:18:42,558 TRACE n.a.d.j.g.EventGenerator [Thread-1] Generator( Test ) generated 2.0 events/sec
2019-09-29 13:18:43,562 TRACE n.a.d.j.g.EventGenerator [Thread-1] Generator( Test ) generated 2.0 events/sec
2019-09-29 13:18:44,567 TRACE n.a.d.j.g.EventGenerator [Thread-1] Generator( Test ) generated 2.0 events/sec
2019-09-29 13:18:45,569 TRACE n.a.d.j.g.EventGenerator [Thread-1] Generator( Test ) generated 2.0 events/sec
2019-09-29 13:18:46,572 TRACE n.a.d.j.g.EventGenerator [Thread-1] Generator( Test ) generated 2.0 events/sec
2019-09-29 13:18:47,574 TRACE n.a.d.j.g.EventGenerator [Thread-1] Generator( Test ) generated 2.0 events/sec
2019-09-29 13:18:48,577 TRACE n.a.d.j.g.EventGenerator [Thread-1] Generator( Test ) generated 2.0 events/sec
2019-09-29 13:18:49,582 TRACE n.a.d.j.g.EventGenerator [Thread-1] Generator( Test ) generated 2.0 events/sec
2019-09-29 13:18:50,585 TRACE n.a.d.j.g.EventGenerator [Thread-1] Generator( Test ) generated 2.0 events/sec
2019-09-29 13:18:51,588 TRACE n.a.d.j.g.EventGenerator [Thread-1] Generator( Test ) generated 2.0 events/sec
2019-09-29 13:18:52,591 TRACE n.a.d.j.g.EventGenerator [Thread-1] Generator( Test ) generated 2.0 events/sec
2019-09-29 13:18:53,595 TRACE n.a.d.j.g.EventGenerator [Thread-1] Generator( Test ) generated 2.0 events/sec
2019-09-29 13:18:54,599 TRACE n.a.d.j.g.EventGenerator [Thread-1] Generator( Test ) generated 2.0 events/sec
2019-09-29 13:18:55,602 TRACE n.a.d.j.g.EventGenerator [Thread-1] Generator( Test ) generated 2.0 events/sec
2019-09-29 13:18:56,605 TRACE n.a.d.j.g.EventGenerator [Thread-1] Generator( Test ) generated 2.0 events/sec
2019-09-29 13:18:57,608 TRACE n.a.d.j.g.EventGenerator [Thread-1] Generator( Test ) generated 2.0 events/sec
2019-09-29 13:18:58,612 TRACE n.a.d.j.g.EventGenerator [Thread-1] Generator( Test ) generated 2.0 events/sec
2019-09-29 13:18:59,619 TRACE n.a.d.j.g.EventGenerator [Thread-1] Generator( Test ) generated 2.0 events/sec
2019-09-29 13:19:00,622 TRACE n.a.d.j.g.EventGenerator [Thread-1] Generator( Test ) generated 2.0 events/sec
2019-09-29 13:19:01,626 TRACE n.a.d.j.g.EventGenerator [Thread-1] Generator( Test ) generated 2.0 events/sec
2019-09-29 13:19:02,628 TRACE n.a.d.j.g.EventGenerator [Thread-1] Generator( Test ) generated 2.0 events/sec
2019-09-29 13:19:03,632 TRACE n.a.d.j.g.EventGenerator [Thread-1] Generator( Test ) generated 2.0 events/sec
2019-09-29 13:19:04,636 TRACE n.a.d.j.g.EventGenerator [Thread-1] Generator( Test ) generated 2.0 events/sec
2019-09-29 13:19:05,640 TRACE n.a.d.j.g.EventGenerator [Thread-1] Generator( Test ) generated 2.0 events/sec
2019-09-29 13:19:06,643 TRACE n.a.d.j.g.EventGenerator [Thread-1] Generator( Test ) generated 2.0 events/sec
2019-09-29 13:19:07,646 TRACE n.a.d.j.g.EventGenerator [Thread-1] Generator( Test ) generated 2.0 events/sec
2019-09-29 13:19:08,648 TRACE n.a.d.j.g.EventGenerator [Thread-1] Generator( Test ) generated 2.0 events/sec
2019-09-29 13:19:09,651 TRACE n.a.d.j.g.EventGenerator [Thread-1] Generator( Test ) generated 2.0 events/sec
2019-09-29 13:19:10,654 TRACE n.a.d.j.g.EventGenerator [Thread-1] Generator( Test ) generated 2.0 events/sec
2019-09-29 13:19:11,656 TRACE n.a.d.j.g.EventGenerator [Thread-1] Generator( Test ) generated 2.0 events/sec
2019-09-29 13:19:12,659 TRACE n.a.d.j.g.EventGenerator [Thread-1] Generator( Test ) generated 2.0 events/sec
2019-09-29 13:19:13,662 TRACE n.a.d.j.g.EventGenerator [Thread-1] Generator( Test ) generated 2.0 events/sec
2019-09-29 13:19:14,666 TRACE n.a.d.j.g.EventGenerator [Thread-1] Generator( Test ) generated 2.0 events/sec
2019-09-29 13:19:15,672 TRACE n.a.d.j.g.EventGenerator [Thread-1] Generator( Test ) generated 2.0 events/sec
2019-09-29 13:19:16,675 TRACE n.a.d.j.g.EventGenerator [Thread-1] Generator( Test ) generated 2.0 events/sec
2019-09-29 13:19:17,680 TRACE n.a.d.j.g.EventGenerator [Thread-1] Generator( Test ) generated 2.0 events/sec
2019-09-29 13:19:18,687 TRACE n.a.d.j.g.EventGenerator [Thread-1] Generator( Test ) generated 2.0 events/sec
2019-09-29 13:19:19,690 TRACE n.a.d.j.g.EventGenerator [Thread-1] Generator( Test ) generated 2.0 events/sec
2019-09-29 13:19:20,694 TRACE n.a.d.j.g.EventGenerator [Thread-1] Generator( Test ) generated 2.0 events/sec
2019-09-29 13:19:21,698 TRACE n.a.d.j.g.EventGenerator [Thread-1] Generator( Test ) generated 2.0 events/sec
2019-09-29 13:19:22,702 TRACE n.a.d.j.g.EventGenerator [Thread-1] Generator( Test ) generated 2.0 events/sec
2019-09-29 13:19:23,707 TRACE n.a.d.j.g.EventGenerator [Thread-1] Generator( Test ) generated 2.0 events/sec
2019-09-29 13:19:24,711 TRACE n.a.d.j.g.EventGenerator [Thread-1] Generator( Test ) generated 2.0 events/sec
2019-09-29 13:19:25,718 TRACE n.a.d.j.g.EventGenerator [Thread-1] Generator( Test ) generated 2.0 events/sec
2019-09-29 13:19:26,722 TRACE n.a.d.j.g.EventGenerator [Thread-1] Generator( Test ) generated 2.0 events/sec
2019-09-29 13:19:27,725 TRACE n.a.d.j.g.EventGenerator [Thread-1] Generator( Test ) generated 2.0 events/sec
2019-09-29 13:19:28,728 TRACE n.a.d.j.g.EventGenerator [Thread-1] Generator( Test ) generated 2.0 events/sec
2019-09-29 13:19:29,732 TRACE n.a.d.j.g.EventGenerator [Thread-1] Generator( Test ) generated 2.0 events/sec
2019-09-29 13:19:30,763 TRACE n.a.d.j.g.EventGenerator [Thread-1] Generator( Test ) generated 2.0 events/sec
2019-09-29 13:19:31,768 TRACE n.a.d.j.g.EventGenerator [Thread-1] Generator( Test ) generated 2.0 events/sec
2019-09-29 13:19:32,772 TRACE n.a.d.j.g.EventGenerator [Thread-1] Generator( Test ) generated 2.0 events/sec
2019-09-29 13:19:33,775 TRACE n.a.d.j.g.EventGenerator [Thread-1] Generator( Test ) generated 2.0 events/sec
2019-09-29 13:19:34,780 TRACE n.a.d.j.g.EventGenerator [Thread-1] Generator( Test ) generated 2.0 events/sec
2019-09-29 13:19:35,786 TRACE n.a.d.j.g.EventGenerator [Thread-1] Generator( Test ) generated 2.0 events/sec
2019-09-29 13:19:36,791 TRACE n.a.d.j.g.EventGenerator [Thread-1] Generator( Test ) generated 2.0 events/sec
2019-09-29 13:19:37,794 TRACE n.a.d.j.g.EventGenerator [Thread-1] Generator( Test ) generated 2.0 events/sec
2019-09-29 13:19:38,798 TRACE n.a.d.j.g.EventGenerator [Thread-1] Generator( Test ) generated 2.0 events/sec
2019-09-29 13:19:39,873 TRACE n.a.d.j.g.EventGenerator [Thread-1] Generator( Test ) generated 2.0 events/sec
2019-09-29 13:19:40,879 TRACE n.a.d.j.g.EventGenerator [Thread-1] Generator( Test ) generated 2.0 events/sec
2019-09-29 13:19:41,881 TRACE n.a.d.j.g.EventGenerator [Thread-1] Generator( Test ) generated 2.0 events/sec
2019-09-29 13:19:42,885 TRACE n.a.d.j.g.EventGenerator [Thread-1] Generator( Test ) generated 2.0 events/sec
2019-09-29 13:19:43,889 TRACE n.a.d.j.g.EventGenerator [Thread-1] Generator( Test ) generated 2.0 events/sec
2019-09-29 13:30:14,674 INFO n.a.d.j.g.JsonDataGenerator [main] Overriding Simulation Config file from command line to use [ testConfig.json ]
2019-09-29 13:30:14,677 DEBUG n.a.d.j.g.JsonDataGenerator [main] Creating Simulation Runner using Simulation Config [ testConfig.json ]
2019-09-29 13:30:15,018 INFO n.a.d.j.g.JsonDataGenerator [main] Adding Azure IoT Hub Logger with properties: {type=iothub, connectionString=HostName=lv-iot-streaming.azure-devices.net;DeviceId=store;SharedAccessKey=8nBv1EH5wlqjYaDTzKGLGougw3IMpEq9EI64vjNUztw=, protocol=HTTPS}
2019-09-29 13:30:15,322 INFO n.a.d.j.g.SimulationRunner [main] Adding EventGenerator for [ Test,storeGenerator.json ]
2019-09-29 13:30:15,324 INFO n.a.d.j.g.SimulationRunner [main] Starting Simulation
2019-09-29 13:30:15,526 DEBUG n.a.d.j.g.t.TypeHandlerFactory [Thread-1] Discovered TypeHandler [ random,net.acesinc.data.json.generator.types.RandomType ]
2019-09-29 13:30:15,528 DEBUG n.a.d.j.g.t.TypeHandlerFactory [Thread-1] Discovered TypeHandler [ firstName,net.acesinc.data.json.generator.types.FirstName ]
2019-09-29 13:30:15,537 DEBUG n.a.d.j.g.t.TypeHandlerFactory [Thread-1] Discovered TypeHandler [ now,net.acesinc.data.json.generator.types.NowType ]
2019-09-29 13:30:15,540 DEBUG n.a.d.j.g.t.TypeHandlerFactory [Thread-1] Discovered TypeHandler [ nowTimestamp,net.acesinc.data.json.generator.types.NowTimestampType ]
2019-09-29 13:30:15,541 DEBUG n.a.d.j.g.t.TypeHandlerFactory [Thread-1] Discovered TypeHandler [ integer,net.acesinc.data.json.generator.types.IntegerType ]
2019-09-29 13:30:15,542 DEBUG n.a.d.j.g.t.TypeHandlerFactory [Thread-1] Discovered TypeHandler [ timestamp,net.acesinc.data.json.generator.types.TimestampType ]
2019-09-29 13:30:15,548 DEBUG n.a.d.j.g.t.TypeHandlerFactory [Thread-1] Discovered TypeHandler [ lastName,net.acesinc.data.json.generator.types.LastName ]
2019-09-29 13:30:15,549 DEBUG n.a.d.j.g.t.TypeHandlerFactory [Thread-1] Discovered TypeHandler [ double,net.acesinc.data.json.generator.types.DoubleType ]
2019-09-29 13:30:15,550 DEBUG n.a.d.j.g.t.TypeHandlerFactory [Thread-1] Discovered TypeHandler [ boolean,net.acesinc.data.json.generator.types.BooleanType ]
2019-09-29 13:30:15,551 DEBUG n.a.d.j.g.t.TypeHandlerFactory [Thread-1] Discovered TypeHandler [ long,net.acesinc.data.json.generator.types.LongType ]
2019-09-29 13:30:15,552 DEBUG n.a.d.j.g.t.TypeHandlerFactory [Thread-1] Discovered TypeHandler [ stringMerge,net.acesinc.data.json.generator.types.StringMergeType ]
2019-09-29 13:30:15,553 DEBUG n.a.d.j.g.t.TypeHandlerFactory [Thread-1] Discovered TypeHandler [ date,net.acesinc.data.json.generator.types.DateType ]
2019-09-29 13:30:15,553 DEBUG n.a.d.j.g.t.TypeHandlerFactory [Thread-1] Discovered TypeHandler [ counter,net.acesinc.data.json.generator.types.CounterType ]
2019-09-29 13:30:15,554 DEBUG n.a.d.j.g.t.TypeHandlerFactory [Thread-1] Discovered TypeHandler [ randomIncrementLong,net.acesinc.data.json.generator.types.RandomIncrementLongType ]
2019-09-29 13:30:15,556 DEBUG n.a.d.j.g.t.TypeHandlerFactory [Thread-1] Discovered TypeHandler [ alphaNumeric,net.acesinc.data.json.generator.types.AlphaNumericType ]
2019-09-29 13:30:15,556 DEBUG n.a.d.j.g.t.TypeHandlerFactory [Thread-1] Discovered TypeHandler [ alpha,net.acesinc.data.json.generator.types.AlphaType ]
2019-09-29 13:30:15,557 DEBUG n.a.d.j.g.t.TypeHandlerFactory [Thread-1] Discovered TypeHandler [ uuid,net.acesinc.data.json.generator.types.UuidType ]
2019-09-29 13:30:16,580 TRACE n.a.d.j.g.EventGenerator [Thread-1] Generator( Test ) generated 2.0 events/sec
2019-09-29 13:30:17,586 TRACE n.a.d.j.g.EventGenerator [Thread-1] Generator( Test ) generated 2.0 events/sec
2019-09-29 13:30:18,595 TRACE n.a.d.j.g.EventGenerator [Thread-1] Generator( Test ) generated 2.0 events/sec
2019-09-29 13:30:19,617 TRACE n.a.d.j.g.EventGenerator [Thread-1] Generator( Test ) generated 2.0 events/sec
2019-09-29 13:30:20,622 TRACE n.a.d.j.g.EventGenerator [Thread-1] Generator( Test ) generated 2.0 events/sec
2019-09-29 13:30:21,630 TRACE n.a.d.j.g.EventGenerator [Thread-1] Generator( Test ) generated 2.0 events/sec
2019-09-29 13:30:22,637 TRACE n.a.d.j.g.EventGenerator [Thread-1] Generator( Test ) generated 2.0 events/sec
2019-09-29 13:30:23,647 TRACE n.a.d.j.g.EventGenerator [Thread-1] Generator( Test ) generated 2.0 events/sec
2019-09-29 13:30:24,655 TRACE n.a.d.j.g.EventGenerator [Thread-1] Generator( Test ) generated 2.0 events/sec
2019-09-29 13:30:25,677 TRACE n.a.d.j.g.EventGenerator [Thread-1] Generator( Test ) generated 2.0 events/sec
2019-09-29 13:30:26,687 TRACE n.a.d.j.g.EventGenerator [Thread-1] Generator( Test ) generated 2.0 events/sec
2019-09-29 13:30:27,694 TRACE n.a.d.j.g.EventGenerator [Thread-1] Generator( Test ) generated 2.0 events/sec
2019-09-29 13:30:28,707 TRACE n.a.d.j.g.EventGenerator [Thread-1] Generator( Test ) generated 2.0 events/sec
2019-09-29 13:30:29,712 TRACE n.a.d.j.g.EventGenerator [Thread-1] Generator( Test ) generated 2.0 events/sec
2019-09-29 13:30:30,727 TRACE n.a.d.j.g.EventGenerator [Thread-1] Generator( Test ) generated 2.0 events/sec
2019-09-29 13:30:31,740 TRACE n.a.d.j.g.EventGenerator [Thread-1] Generator( Test ) generated 2.0 events/sec
2019-09-29 13:30:32,745 TRACE n.a.d.j.g.EventGenerator [Thread-1] Generator( Test ) generated 2.0 events/sec
2019-09-29 13:30:33,750 TRACE n.a.d.j.g.EventGenerator [Thread-1] Generator( Test ) generated 2.0 events/sec
2019-09-29 13:30:34,757 TRACE n.a.d.j.g.EventGenerator [Thread-1] Generator( Test ) generated 2.0 events/sec
2019-09-29 13:30:35,766 TRACE n.a.d.j.g.EventGenerator [Thread-1] Generator( Test ) generated 2.0 events/sec
2019-09-29 13:30:36,773 TRACE n.a.d.j.g.EventGenerator [Thread-1] Generator( Test ) generated 2.0 events/sec
2019-09-29 13:30:37,780 TRACE n.a.d.j.g.EventGenerator [Thread-1] Generator( Test ) generated 2.0 events/sec
2019-09-29 13:30:38,786 TRACE n.a.d.j.g.EventGenerator [Thread-1] Generator( Test ) generated 2.0 events/sec
2019-09-29 13:30:39,794 TRACE n.a.d.j.g.EventGenerator [Thread-1] Generator( Test ) generated 2.0 events/sec
2019-09-29 13:30:40,800 TRACE n.a.d.j.g.EventGenerator [Thread-1] Generator( Test ) generated 2.0 events/sec
2019-09-29 13:30:41,810 TRACE n.a.d.j.g.EventGenerator [Thread-1] Generator( Test ) generated 2.0 events/sec
2019-09-29 13:30:42,816 TRACE n.a.d.j.g.EventGenerator [Thread-1] Generator( Test ) generated 2.0 events/sec
2019-09-29 13:30:43,826 TRACE n.a.d.j.g.EventGenerator [Thread-1] Generator( Test ) generated 2.0 events/sec
2019-09-29 13:30:44,834 TRACE n.a.d.j.g.EventGenerator [Thread-1] Generator( Test ) generated 2.0 events/sec
2019-09-29 13:30:45,839 TRACE n.a.d.j.g.EventGenerator [Thread-1] Generator( Test ) generated 2.0 events/sec
2019-09-29 13:30:46,852 TRACE n.a.d.j.g.EventGenerator [Thread-1] Generator( Test ) generated 2.0 events/sec
2019-09-29 13:30:47,855 TRACE n.a.d.j.g.EventGenerator [Thread-1] Generator( Test ) generated 2.0 events/sec
2019-09-29 13:30:48,859 TRACE n.a.d.j.g.EventGenerator [Thread-1] Generator( Test ) generated 2.0 events/sec
2019-09-29 13:30:49,863 TRACE n.a.d.j.g.EventGenerator [Thread-1] Generator( Test ) generated 2.0 events/sec
2019-09-29 13:30:50,868 TRACE n.a.d.j.g.EventGenerator [Thread-1] Generator( Test ) generated 2.0 events/sec
2019-09-29 13:30:51,969 TRACE n.a.d.j.g.EventGenerator [Thread-1] Generator( Test ) generated 2.0 events/sec
2019-09-29 13:30:52,979 TRACE n.a.d.j.g.EventGenerator [Thread-1] Generator( Test ) generated 2.0 events/sec
2019-09-29 13:30:53,984 TRACE n.a.d.j.g.EventGenerator [Thread-1] Generator( Test ) generated 2.0 events/sec
2019-09-29 13:30:54,996 TRACE n.a.d.j.g.EventGenerator [Thread-1] Generator( Test ) generated 2.0 events/sec
2019-09-29 13:30:55,999 TRACE n.a.d.j.g.EventGenerator [Thread-1] Generator( Test ) generated 2.0 events/sec
2019-09-29 13:30:57,003 TRACE n.a.d.j.g.EventGenerator [Thread-1] Generator( Test ) generated 2.0 events/sec
2019-09-29 13:30:58,008 TRACE n.a.d.j.g.EventGenerator [Thread-1] Generator( Test ) generated 2.0 events/sec
2019-09-29 13:30:59,011 TRACE n.a.d.j.g.EventGenerator [Thread-1] Generator( Test ) generated 2.0 events/sec
2019-09-29 13:31:00,017 TRACE n.a.d.j.g.EventGenerator [Thread-1] Generator( Test ) generated 2.0 events/sec
2019-09-29 13:31:01,021 TRACE n.a.d.j.g.EventGenerator [Thread-1] Generator( Test ) generated 2.0 events/sec
2019-09-29 13:31:02,027 TRACE n.a.d.j.g.EventGenerator [Thread-1] Generator( Test ) generated 2.0 events/sec
2019-09-29 13:31:03,033 TRACE n.a.d.j.g.EventGenerator [Thread-1] Generator( Test ) generated 2.0 events/sec
2019-09-29 13:31:04,039 TRACE n.a.d.j.g.EventGenerator [Thread-1] Generator( Test ) generated 2.0 events/sec
2019-09-29 13:31:05,044 TRACE n.a.d.j.g.EventGenerator [Thread-1] Generator( Test ) generated 2.0 events/sec
2019-09-29 13:31:06,049 TRACE n.a.d.j.g.EventGenerator [Thread-1] Generator( Test ) generated 2.0 events/sec
2019-09-29 13:31:07,056 TRACE n.a.d.j.g.EventGenerator [Thread-1] Generator( Test ) generated 2.0 events/sec
2019-09-29 13:31:08,064 TRACE n.a.d.j.g.EventGenerator [Thread-1] Generator( Test ) generated 2.0 events/sec
2019-09-29 13:31:09,070 TRACE n.a.d.j.g.EventGenerator [Thread-1] Generator( Test ) generated 2.0 events/sec
2019-09-29 13:31:10,074 TRACE n.a.d.j.g.EventGenerator [Thread-1] Generator( Test ) generated 2.0 events/sec
2019-09-29 13:31:11,079 TRACE n.a.d.j.g.EventGenerator [Thread-1] Generator( Test ) generated 2.0 events/sec
2019-09-29 13:31:12,084 TRACE n.a.d.j.g.EventGenerator [Thread-1] Generator( Test ) generated 2.0 events/sec
2019-09-29 13:31:13,089 TRACE n.a.d.j.g.EventGenerator [Thread-1] Generator( Test ) generated 2.0 events/sec
2019-09-29 13:31:14,094 TRACE n.a.d.j.g.EventGenerator [Thread-1] Generator( Test ) generated 2.0 events/sec
2019-09-29 13:31:15,099 TRACE n.a.d.j.g.EventGenerator [Thread-1] Generator( Test ) generated 2.0 events/sec
2019-09-29 13:31:16,105 TRACE n.a.d.j.g.EventGenerator [Thread-1] Generator( Test ) generated 2.0 events/sec
2019-09-29 13:31:17,121 TRACE n.a.d.j.g.EventGenerator [Thread-1] Generator( Test ) generated 2.0 events/sec
2019-09-29 13:31:18,127 TRACE n.a.d.j.g.EventGenerator [Thread-1] Generator( Test ) generated 2.0 events/sec
2019-09-29 13:31:19,166 TRACE n.a.d.j.g.EventGenerator [Thread-1] Generator( Test ) generated 2.0 events/sec
2019-09-29 13:31:20,172 TRACE n.a.d.j.g.EventGenerator [Thread-1] Generator( Test ) generated 2.0 events/sec
2019-09-29 13:31:21,179 TRACE n.a.d.j.g.EventGenerator [Thread-1] Generator( Test ) generated 2.0 events/sec
2019-09-29 13:31:22,184 TRACE n.a.d.j.g.EventGenerator [Thread-1] Generator( Test ) generated 2.0 events/sec
2019-09-29 13:31:23,190 TRACE n.a.d.j.g.EventGenerator [Thread-1] Generator( Test ) generated 2.0 events/sec
2019-09-29 13:31:24,197 TRACE n.a.d.j.g.EventGenerator [Thread-1] Generator( Test ) generated 2.0 events/sec
2019-09-29 13:31:25,202 TRACE n.a.d.j.g.EventGenerator [Thread-1] Generator( Test ) generated 2.0 events/sec
2019-09-29 13:31:26,207 TRACE n.a.d.j.g.EventGenerator [Thread-1] Generator( Test ) generated 2.0 events/sec
2019-09-29 13:31:27,211 TRACE n.a.d.j.g.EventGenerator [Thread-1] Generator( Test ) generated 2.0 events/sec
2019-09-29 13:31:28,216 TRACE n.a.d.j.g.EventGenerator [Thread-1] Generator( Test ) generated 2.0 events/sec
2019-09-29 13:31:29,224 TRACE n.a.d.j.g.EventGenerator [Thread-1] Generator( Test ) generated 2.0 events/sec
2019-09-29 13:31:30,231 TRACE n.a.d.j.g.EventGenerator [Thread-1] Generator( Test ) generated 2.0 events/sec
2019-09-29 13:31:31,239 TRACE n.a.d.j.g.EventGenerator [Thread-1] Generator( Test ) generated 2.0 events/sec
2019-09-29 13:31:32,245 TRACE n.a.d.j.g.EventGenerator [Thread-1] Generator( Test ) generated 2.0 events/sec
2019-09-29 13:31:33,252 TRACE n.a.d.j.g.EventGenerator [Thread-1] Generator( Test ) generated 2.0 events/sec
2019-09-29 13:31:34,257 TRACE n.a.d.j.g.EventGenerator [Thread-1] Generator( Test ) generated 2.0 events/sec
2019-09-29 13:31:35,263 TRACE n.a.d.j.g.EventGenerator [Thread-1] Generator( Test ) generated 2.0 events/sec
2019-09-29 13:31:36,271 TRACE n.a.d.j.g.EventGenerator [Thread-1] Generator( Test ) generated 2.0 events/sec
2019-09-29 13:31:37,277 TRACE n.a.d.j.g.EventGenerator [Thread-1] Generator( Test ) generated 2.0 events/sec
2019-09-29 13:31:38,284 TRACE n.a.d.j.g.EventGenerator [Thread-1] Generator( Test ) generated 2.0 events/sec
2019-09-29 13:31:39,288 TRACE n.a.d.j.g.EventGenerator [Thread-1] Generator( Test ) generated 2.0 events/sec
2019-09-29 13:31:40,292 TRACE n.a.d.j.g.EventGenerator [Thread-1] Generator( Test ) generated 2.0 events/sec
2019-09-29 13:31:41,297 TRACE n.a.d.j.g.EventGenerator [Thread-1] Generator( Test ) generated 2.0 events/sec
2019-09-29 13:31:42,303 TRACE n.a.d.j.g.EventGenerator [Thread-1] Generator( Test ) generated 2.0 events/sec
2019-09-29 13:31:43,308 TRACE n.a.d.j.g.EventGenerator [Thread-1] Generator( Test ) generated 2.0 events/sec
2019-09-29 13:31:44,311 TRACE n.a.d.j.g.EventGenerator [Thread-1] Generator( Test ) generated 2.0 events/sec
2019-09-29 13:31:45,325 TRACE n.a.d.j.g.EventGenerator [Thread-1] Generator( Test ) generated 2.0 events/sec
2019-09-29 13:31:46,335 TRACE n.a.d.j.g.EventGenerator [Thread-1] Generator( Test ) generated 2.0 events/sec
2019-09-29 13:31:47,341 TRACE n.a.d.j.g.EventGenerator [Thread-1] Generator( Test ) generated 2.0 events/sec
2019-09-29 13:31:48,346 TRACE n.a.d.j.g.EventGenerator [Thread-1] Generator( Test ) generated 2.0 events/sec
2019-09-29 13:31:49,352 TRACE n.a.d.j.g.EventGenerator [Thread-1] Generator( Test ) generated 2.0 events/sec
2019-09-29 13:31:50,357 TRACE n.a.d.j.g.EventGenerator [Thread-1] Generator( Test ) generated 2.0 events/sec
2019-09-29 13:31:51,371 TRACE n.a.d.j.g.EventGenerator [Thread-1] Generator( Test ) generated 2.0 events/sec
2019-09-29 13:31:52,380 TRACE n.a.d.j.g.EventGenerator [Thread-1] Generator( Test ) generated 2.0 events/sec
2019-09-29 13:31:53,384 TRACE n.a.d.j.g.EventGenerator [Thread-1] Generator( Test ) generated 2.0 events/sec
2019-09-29 13:31:54,425 TRACE n.a.d.j.g.EventGenerator [Thread-1] Generator( Test ) generated 2.0 events/sec
2019-09-29 13:31:55,431 TRACE n.a.d.j.g.EventGenerator [Thread-1] Generator( Test ) generated 2.0 events/sec
2019-09-29 13:31:56,436 TRACE n.a.d.j.g.EventGenerator [Thread-1] Generator( Test ) generated 2.0 events/sec
2019-09-29 13:31:57,440 TRACE n.a.d.j.g.EventGenerator [Thread-1] Generator( Test ) generated 2.0 events/sec
2019-09-29 13:31:58,445 TRACE n.a.d.j.g.EventGenerator [Thread-1] Generator( Test ) generated 2.0 events/sec
2019-09-29 13:31:59,453 TRACE n.a.d.j.g.EventGenerator [Thread-1] Generator( Test ) generated 2.0 events/sec
2019-09-29 13:32:00,461 TRACE n.a.d.j.g.EventGenerator [Thread-1] Generator( Test ) generated 2.0 events/sec
2019-09-29 13:32:01,467 TRACE n.a.d.j.g.EventGenerator [Thread-1] Generator( Test ) generated 2.0 events/sec
2019-09-29 13:32:02,473 TRACE n.a.d.j.g.EventGenerator [Thread-1] Generator( Test ) generated 2.0 events/sec
2019-09-29 13:32:03,480 TRACE n.a.d.j.g.EventGenerator [Thread-1] Generator( Test ) generated 2.0 events/sec
2019-09-29 13:32:04,489 TRACE n.a.d.j.g.EventGenerator [Thread-1] Generator( Test ) generated 2.0 events/sec
2019-09-29 13:32:05,494 TRACE n.a.d.j.g.EventGenerator [Thread-1] Generator( Test ) generated 2.0 events/sec
2019-09-29 13:32:06,500 TRACE n.a.d.j.g.EventGenerator [Thread-1] Generator( Test ) generated 2.0 events/sec
2019-09-29 13:32:07,508 TRACE n.a.d.j.g.EventGenerator [Thread-1] Generator( Test ) generated 2.0 events/sec
2019-09-29 13:32:08,514 TRACE n.a.d.j.g.EventGenerator [Thread-1] Generator( Test ) generated 2.0 events/sec
2019-09-29 13:32:09,521 TRACE n.a.d.j.g.EventGenerator [Thread-1] Generator( Test ) generated 2.0 events/sec
2019-09-29 13:32:10,526 TRACE n.a.d.j.g.EventGenerator [Thread-1] Generator( Test ) generated 2.0 events/sec
2019-09-29 13:32:11,531 TRACE n.a.d.j.g.EventGenerator [Thread-1] Generator( Test ) generated 2.0 events/sec
2019-09-29 13:32:12,542 TRACE n.a.d.j.g.EventGenerator [Thread-1] Generator( Test ) generated 2.0 events/sec
2019-09-29 13:32:13,556 TRACE n.a.d.j.g.EventGenerator [Thread-1] Generator( Test ) generated 2.0 events/sec
2019-09-29 13:32:14,561 TRACE n.a.d.j.g.EventGenerator [Thread-1] Generator( Test ) generated 2.0 events/sec
2019-09-29 13:32:15,568 TRACE n.a.d.j.g.EventGenerator [Thread-1] Generator( Test ) generated 2.0 events/sec
2019-09-29 13:32:16,573 TRACE n.a.d.j.g.EventGenerator [Thread-1] Generator( Test ) generated 2.0 events/sec
2019-09-29 13:32:17,579 TRACE n.a.d.j.g.EventGenerator [Thread-1] Generator( Test ) generated 2.0 events/sec
2019-09-29 13:32:18,583 TRACE n.a.d.j.g.EventGenerator [Thread-1] Generator( Test ) generated 2.0 events/sec
2019-09-29 13:32:19,591 TRACE n.a.d.j.g.EventGenerator [Thread-1] Generator( Test ) generated 2.0 events/sec
2019-09-29 13:32:20,596 TRACE n.a.d.j.g.EventGenerator [Thread-1] Generator( Test ) generated 2.0 events/sec
2019-09-29 13:32:21,600 TRACE n.a.d.j.g.EventGenerator [Thread-1] Generator( Test ) generated 2.0 events/sec
2019-09-29 13:32:22,604 TRACE n.a.d.j.g.EventGenerator [Thread-1] Generator( Test ) generated 2.0 events/sec
2019-09-29 13:32:23,609 TRACE n.a.d.j.g.EventGenerator [Thread-1] Generator( Test ) generated 2.0 events/sec
2019-09-29 13:32:24,620 TRACE n.a.d.j.g.EventGenerator [Thread-1] Generator( Test ) generated 2.0 events/sec
2019-09-29 13:32:25,628 TRACE n.a.d.j.g.EventGenerator [Thread-1] Generator( Test ) generated 2.0 events/sec
2019-09-29 13:32:26,634 TRACE n.a.d.j.g.EventGenerator [Thread-1] Generator( Test ) generated 2.0 events/sec
2019-09-29 13:32:27,639 TRACE n.a.d.j.g.EventGenerator [Thread-1] Generator( Test ) generated 2.0 events/sec
2019-09-29 13:32:28,644 TRACE n.a.d.j.g.EventGenerator [Thread-1] Generator( Test ) generated 2.0 events/sec
2019-09-29 13:32:29,650 TRACE n.a.d.j.g.EventGenerator [Thread-1] Generator( Test ) generated 2.0 events/sec
2019-09-29 13:32:30,660 TRACE n.a.d.j.g.EventGenerator [Thread-1] Generator( Test ) generated 2.0 events/sec
2019-09-29 13:32:31,664 TRACE n.a.d.j.g.EventGenerator [Thread-1] Generator( Test ) generated 2.0 events/sec
2019-09-29 13:32:32,667 TRACE n.a.d.j.g.EventGenerator [Thread-1] Generator( Test ) generated 2.0 events/sec
2019-09-29 13:32:33,672 TRACE n.a.d.j.g.EventGenerator [Thread-1] Generator( Test ) generated 2.0 events/sec
2019-09-29 13:32:34,689 TRACE n.a.d.j.g.EventGenerator [Thread-1] Generator( Test ) generated 2.0 events/sec
2019-09-29 13:32:35,696 TRACE n.a.d.j.g.EventGenerator [Thread-1] Generator( Test ) generated 2.0 events/sec
2019-09-29 13:32:36,701 TRACE n.a.d.j.g.EventGenerator [Thread-1] Generator( Test ) generated 2.0 events/sec
2019-09-29 13:32:37,706 TRACE n.a.d.j.g.EventGenerator [Thread-1] Generator( Test ) generated 2.0 events/sec
2019-09-29 13:32:38,710 TRACE n.a.d.j.g.EventGenerator [Thread-1] Generator( Test ) generated 2.0 events/sec
2019-09-29 13:32:39,718 TRACE n.a.d.j.g.EventGenerator [Thread-1] Generator( Test ) generated 2.0 events/sec
2019-09-29 13:32:40,724 TRACE n.a.d.j.g.EventGenerator [Thread-1] Generator( Test ) generated 2.0 events/sec
2019-09-29 13:32:41,729 TRACE n.a.d.j.g.EventGenerator [Thread-1] Generator( Test ) generated 2.0 events/sec
2019-09-29 13:32:42,735 TRACE n.a.d.j.g.EventGenerator [Thread-1] Generator( Test ) generated 2.0 events/sec
2019-09-29 13:32:43,742 TRACE n.a.d.j.g.EventGenerator [Thread-1] Generator( Test ) generated 2.0 events/sec
2019-09-29 13:32:44,747 TRACE n.a.d.j.g.EventGenerator [Thread-1] Generator( Test ) generated 2.0 events/sec
2019-09-29 13:32:45,753 TRACE n.a.d.j.g.EventGenerator [Thread-1] Generator( Test ) generated 2.0 events/sec
2019-09-29 13:32:46,758 TRACE n.a.d.j.g.EventGenerator [Thread-1] Generator( Test ) generated 2.0 events/sec
2019-09-29 13:32:47,764 TRACE n.a.d.j.g.EventGenerator [Thread-1] Generator( Test ) generated 2.0 events/sec
2019-09-29 13:32:48,768 TRACE n.a.d.j.g.EventGenerator [Thread-1] Generator( Test ) generated 2.0 events/sec
2019-09-29 13:32:49,775 TRACE n.a.d.j.g.EventGenerator [Thread-1] Generator( Test ) generated 2.0 events/sec
2019-09-29 13:32:50,778 TRACE n.a.d.j.g.EventGenerator [Thread-1] Generator( Test ) generated 2.0 events/sec
2019-09-29 13:32:51,783 TRACE n.a.d.j.g.EventGenerator [Thread-1] Generator( Test ) generated 2.0 events/sec
2019-09-29 13:32:52,788 TRACE n.a.d.j.g.EventGenerator [Thread-1] Generator( Test ) generated 2.0 events/sec
2019-09-29 13:32:53,794 TRACE n.a.d.j.g.EventGenerator [Thread-1] Generator( Test ) generated 2.0 events/sec
2019-09-29 13:32:54,802 TRACE n.a.d.j.g.EventGenerator [Thread-1] Generator( Test ) generated 2.0 events/sec
2019-09-29 13:32:55,806 TRACE n.a.d.j.g.EventGenerator [Thread-1] Generator( Test ) generated 2.0 events/sec
2019-09-29 13:32:56,813 TRACE n.a.d.j.g.EventGenerator [Thread-1] Generator( Test ) generated 2.0 events/sec
2019-09-29 13:32:57,818 TRACE n.a.d.j.g.EventGenerator [Thread-1] Generator( Test ) generated 2.0 events/sec
2019-09-29 13:32:58,820 TRACE n.a.d.j.g.EventGenerator [Thread-1] Generator( Test ) generated 2.0 events/sec
2019-09-29 13:32:59,826 TRACE n.a.d.j.g.EventGenerator [Thread-1] Generator( Test ) generated 2.0 events/sec
2019-09-29 13:33:00,830 TRACE n.a.d.j.g.EventGenerator [Thread-1] Generator( Test ) generated 2.0 events/sec
2019-09-29 13:33:01,833 TRACE n.a.d.j.g.EventGenerator [Thread-1] Generator( Test ) generated 2.0 events/sec
2019-09-29 13:33:02,837 TRACE n.a.d.j.g.EventGenerator [Thread-1] Generator( Test ) generated 2.0 events/sec
2019-09-29 13:33:03,839 TRACE n.a.d.j.g.EventGenerator [Thread-1] Generator( Test ) generated 2.0 events/sec
2019-09-29 13:33:04,843 TRACE n.a.d.j.g.EventGenerator [Thread-1] Generator( Test ) generated 2.0 events/sec
2019-09-29 13:33:05,850 TRACE n.a.d.j.g.EventGenerator [Thread-1] Generator( Test ) generated 2.0 events/sec
2019-09-29 13:33:06,855 TRACE n.a.d.j.g.EventGenerator [Thread-1] Generator( Test ) generated 2.0 events/sec
2019-09-29 13:33:07,863 TRACE n.a.d.j.g.EventGenerator [Thread-1] Generator( Test ) generated 2.0 events/sec
2019-09-29 13:33:08,869 TRACE n.a.d.j.g.EventGenerator [Thread-1] Generator( Test ) generated 2.0 events/sec
2019-09-29 13:33:09,876 TRACE n.a.d.j.g.EventGenerator [Thread-1] Generator( Test ) generated 2.0 events/sec
2019-09-29 13:33:10,878 TRACE n.a.d.j.g.EventGenerator [Thread-1] Generator( Test ) generated 2.0 events/sec
2019-09-29 13:33:11,882 TRACE n.a.d.j.g.EventGenerator [Thread-1] Generator( Test ) generated 2.0 events/sec
2019-09-29 13:33:12,886 TRACE n.a.d.j.g.EventGenerator [Thread-1] Generator( Test ) generated 2.0 events/sec
2019-09-29 13:33:13,890 TRACE n.a.d.j.g.EventGenerator [Thread-1] Generator( Test ) generated 2.0 events/sec
2019-09-29 13:33:14,894 TRACE n.a.d.j.g.EventGenerator [Thread-1] Generator( Test ) generated 2.0 events/sec
2019-09-29 13:33:15,901 TRACE n.a.d.j.g.EventGenerator [Thread-1] Generator( Test ) generated 2.0 events/sec
2019-09-29 13:33:16,906 TRACE n.a.d.j.g.EventGenerator [Thread-1] Generator( Test ) generated 2.0 events/sec
2019-09-29 13:33:17,911 TRACE n.a.d.j.g.EventGenerator [Thread-1] Generator( Test ) generated 2.0 events/sec
2019-09-29 13:33:18,916 TRACE n.a.d.j.g.EventGenerator [Thread-1] Generator( Test ) generated 2.0 events/sec
2019-09-29 13:33:19,924 TRACE n.a.d.j.g.EventGenerator [Thread-1] Generator( Test ) generated 2.0 events/sec
2019-09-29 13:33:20,929 TRACE n.a.d.j.g.EventGenerator [Thread-1] Generator( Test ) generated 2.0 events/sec
2019-09-29 13:33:21,932 TRACE n.a.d.j.g.EventGenerator [Thread-1] Generator( Test ) generated 2.0 events/sec
2019-09-29 13:33:22,935 TRACE n.a.d.j.g.EventGenerator [Thread-1] Generator( Test ) generated 2.0 events/sec
2019-09-29 13:33:23,937 TRACE n.a.d.j.g.EventGenerator [Thread-1] Generator( Test ) generated 2.0 events/sec
2019-09-29 13:33:24,975 TRACE n.a.d.j.g.EventGenerator [Thread-1] Generator( Test ) generated 2.0 events/sec
2019-09-29 13:33:25,978 TRACE n.a.d.j.g.EventGenerator [Thread-1] Generator( Test ) generated 2.0 events/sec
2019-09-29 13:33:26,982 TRACE n.a.d.j.g.EventGenerator [Thread-1] Generator( Test ) generated 2.0 events/sec
2019-09-29 13:33:27,988 TRACE n.a.d.j.g.EventGenerator [Thread-1] Generator( Test ) generated 2.0 events/sec
2019-09-29 13:33:28,993 TRACE n.a.d.j.g.EventGenerator [Thread-1] Generator( Test ) generated 2.0 events/sec
2019-09-29 13:33:29,999 TRACE n.a.d.j.g.EventGenerator [Thread-1] Generator( Test ) generated 2.0 events/sec
2019-09-29 13:33:31,040 TRACE n.a.d.j.g.EventGenerator [Thread-1] Generator( Test ) generated 2.0 events/sec
2019-09-29 13:33:32,045 TRACE n.a.d.j.g.EventGenerator [Thread-1] Generator( Test ) generated 2.0 events/sec
2019-09-29 13:33:33,051 TRACE n.a.d.j.g.EventGenerator [Thread-1] Generator( Test ) generated 2.0 events/sec
2019-09-29 13:33:34,055 TRACE n.a.d.j.g.EventGenerator [Thread-1] Generator( Test ) generated 2.0 events/sec
2019-09-29 13:33:35,063 TRACE n.a.d.j.g.EventGenerator [Thread-1] Generator( Test ) generated 2.0 events/sec
2019-09-29 13:33:36,069 TRACE n.a.d.j.g.EventGenerator [Thread-1] Generator( Test ) generated 2.0 events/sec
2019-09-29 13:33:37,073 TRACE n.a.d.j.g.EventGenerator [Thread-1] Generator( Test ) generated 2.0 events/sec
2019-09-29 13:33:38,076 TRACE n.a.d.j.g.EventGenerator [Thread-1] Generator( Test ) generated 2.0 events/sec
2019-09-29 13:33:39,080 TRACE n.a.d.j.g.EventGenerator [Thread-1] Generator( Test ) generated 2.0 events/sec
2019-09-29 13:33:40,085 TRACE n.a.d.j.g.EventGenerator [Thread-1] Generator( Test ) generated 2.0 events/sec
2019-09-29 13:33:41,089 TRACE n.a.d.j.g.EventGenerator [Thread-1] Generator( Test ) generated 2.0 events/sec
2019-09-29 13:33:42,093 TRACE n.a.d.j.g.EventGenerator [Thread-1] Generator( Test ) generated 2.0 events/sec
2019-09-29 13:33:43,097 TRACE n.a.d.j.g.EventGenerator [Thread-1] Generator( Test ) generated 2.0 events/sec
2019-09-29 13:33:44,101 TRACE n.a.d.j.g.EventGenerator [Thread-1] Generator( Test ) generated 2.0 events/sec
2019-09-29 13:33:45,107 TRACE n.a.d.j.g.EventGenerator [Thread-1] Generator( Test ) generated 2.0 events/sec
2019-09-29 13:33:46,111 TRACE n.a.d.j.g.EventGenerator [Thread-1] Generator( Test ) generated 2.0 events/sec
2019-09-29 13:33:47,115 TRACE n.a.d.j.g.EventGenerator [Thread-1] Generator( Test ) generated 2.0 events/sec
2019-09-29 13:33:48,119 TRACE n.a.d.j.g.EventGenerator [Thread-1] Generator( Test ) generated 2.0 events/sec
2019-09-29 13:33:49,124 TRACE n.a.d.j.g.EventGenerator [Thread-1] Generator( Test ) generated 2.0 events/sec
2019-09-29 13:33:50,131 TRACE n.a.d.j.g.EventGenerator [Thread-1] Generator( Test ) generated 2.0 events/sec
2019-09-29 13:33:51,141 TRACE n.a.d.j.g.EventGenerator [Thread-1] Generator( Test ) generated 2.0 events/sec
2019-09-29 13:33:52,157 TRACE n.a.d.j.g.EventGenerator [Thread-1] Generator( Test ) generated 2.0 events/sec
2019-09-29 13:33:53,161 TRACE n.a.d.j.g.EventGenerator [Thread-1] Generator( Test ) generated 2.0 events/sec
2019-09-29 13:33:54,165 TRACE n.a.d.j.g.EventGenerator [Thread-1] Generator( Test ) generated 2.0 events/sec
2019-09-29 13:33:55,170 TRACE n.a.d.j.g.EventGenerator [Thread-1] Generator( Test ) generated 2.0 events/sec
2019-09-29 13:33:56,173 TRACE n.a.d.j.g.EventGenerator [Thread-1] Generator( Test ) generated 2.0 events/sec
2019-09-29 13:33:57,177 TRACE n.a.d.j.g.EventGenerator [Thread-1] Generator( Test ) generated 2.0 events/sec
2019-09-29 13:33:58,182 TRACE n.a.d.j.g.EventGenerator [Thread-1] Generator( Test ) generated 2.0 events/sec
2019-09-29 13:33:59,189 TRACE n.a.d.j.g.EventGenerator [Thread-1] Generator( Test ) generated 2.0 events/sec
2019-09-29 13:34:00,196 TRACE n.a.d.j.g.EventGenerator [Thread-1] Generator( Test ) generated 2.0 events/sec
2019-09-29 13:34:01,201 TRACE n.a.d.j.g.EventGenerator [Thread-1] Generator( Test ) generated 2.0 events/sec
2019-09-29 13:34:02,205 TRACE n.a.d.j.g.EventGenerator [Thread-1] Generator( Test ) generated 2.0 events/sec
2019-09-29 13:34:03,209 TRACE n.a.d.j.g.EventGenerator [Thread-1] Generator( Test ) generated 2.0 events/sec
2019-09-29 13:34:04,215 TRACE n.a.d.j.g.EventGenerator [Thread-1] Generator( Test ) generated 2.0 events/sec
2019-09-29 13:34:05,221 TRACE n.a.d.j.g.EventGenerator [Thread-1] Generator( Test ) generated 2.0 events/sec
2019-09-29 13:34:06,225 TRACE n.a.d.j.g.EventGenerator [Thread-1] Generator( Test ) generated 2.0 events/sec
2019-09-29 13:34:07,230 TRACE n.a.d.j.g.EventGenerator [Thread-1] Generator( Test ) generated 2.0 events/sec
2019-09-29 13:34:08,237 TRACE n.a.d.j.g.EventGenerator [Thread-1] Generator( Test ) generated 2.0 events/sec
2019-09-29 13:34:09,240 TRACE n.a.d.j.g.EventGenerator [Thread-1] Generator( Test ) generated 2.0 events/sec
2019-09-29 13:34:10,244 TRACE n.a.d.j.g.EventGenerator [Thread-1] Generator( Test ) generated 2.0 events/sec
2019-09-29 13:34:11,250 TRACE n.a.d.j.g.EventGenerator [Thread-1] Generator( Test ) generated 2.0 events/sec
2019-09-29 13:34:12,261 TRACE n.a.d.j.g.EventGenerator [Thread-1] Generator( Test ) generated 2.0 events/sec
2019-09-29 13:34:13,264 TRACE n.a.d.j.g.EventGenerator [Thread-1] Generator( Test ) generated 2.0 events/sec
2019-09-29 13:34:14,268 TRACE n.a.d.j.g.EventGenerator [Thread-1] Generator( Test ) generated 2.0 events/sec
2019-09-29 13:34:15,275 TRACE n.a.d.j.g.EventGenerator [Thread-1] Generator( Test ) generated 2.0 events/sec
2019-09-29 13:34:16,279 TRACE n.a.d.j.g.EventGenerator [Thread-1] Generator( Test ) generated 2.0 events/sec
2019-09-29 13:34:17,286 TRACE n.a.d.j.g.EventGenerator [Thread-1] Generator( Test ) generated 2.0 events/sec
2019-09-29 13:34:18,291 TRACE n.a.d.j.g.EventGenerator [Thread-1] Generator( Test ) generated 2.0 events/sec
2019-09-29 13:34:19,295 TRACE n.a.d.j.g.EventGenerator [Thread-1] Generator( Test ) generated 2.0 events/sec
2019-09-29 13:34:20,301 TRACE n.a.d.j.g.EventGenerator [Thread-1] Generator( Test ) generated 2.0 events/sec
2019-09-29 13:34:21,306 TRACE n.a.d.j.g.EventGenerator [Thread-1] Generator( Test ) generated 2.0 events/sec
2019-09-29 13:34:22,309 TRACE n.a.d.j.g.EventGenerator [Thread-1] Generator( Test ) generated 2.0 events/sec
2019-09-29 13:34:23,313 TRACE n.a.d.j.g.EventGenerator [Thread-1] Generator( Test ) generated 2.0 events/sec
2019-09-29 13:34:24,316 TRACE n.a.d.j.g.EventGenerator [Thread-1] Generator( Test ) generated 2.0 events/sec
2019-09-29 13:34:25,323 TRACE n.a.d.j.g.EventGenerator [Thread-1] Generator( Test ) generated 2.0 events/sec
2019-09-29 13:34:26,433 TRACE n.a.d.j.g.EventGenerator [Thread-1] Generator( Test ) generated 2.0 events/sec
2019-09-29 13:34:27,440 TRACE n.a.d.j.g.EventGenerator [Thread-1] Generator( Test ) generated 2.0 events/sec
2019-09-29 13:34:28,444 TRACE n.a.d.j.g.EventGenerator [Thread-1] Generator( Test ) generated 2.0 events/sec
2019-09-29 13:34:29,448 TRACE n.a.d.j.g.EventGenerator [Thread-1] Generator( Test ) generated 2.0 events/sec
2019-09-29 13:34:30,459 TRACE n.a.d.j.g.EventGenerator [Thread-1] Generator( Test ) generated 2.0 events/sec
2019-09-29 13:34:31,464 TRACE n.a.d.j.g.EventGenerator [Thread-1] Generator( Test ) generated 2.0 events/sec
2019-09-29 13:34:32,467 TRACE n.a.d.j.g.EventGenerator [Thread-1] Generator( Test ) generated 2.0 events/sec
2019-09-29 13:34:33,475 TRACE n.a.d.j.g.EventGenerator [Thread-1] Generator( Test ) generated 2.0 events/sec
2019-09-29 13:34:34,479 TRACE n.a.d.j.g.EventGenerator [Thread-1] Generator( Test ) generated 2.0 events/sec
2019-09-29 13:34:35,485 TRACE n.a.d.j.g.EventGenerator [Thread-1] Generator( Test ) generated 2.0 events/sec
2019-09-29 13:34:36,489 TRACE n.a.d.j.g.EventGenerator [Thread-1] Generator( Test ) generated 2.0 events/sec
2019-09-29 13:34:37,492 TRACE n.a.d.j.g.EventGenerator [Thread-1] Generator( Test ) generated 2.0 events/sec
2019-09-29 13:34:38,497 TRACE n.a.d.j.g.EventGenerator [Thread-1] Generator( Test ) generated 2.0 events/sec
2019-09-29 13:34:39,500 TRACE n.a.d.j.g.EventGenerator [Thread-1] Generator( Test ) generated 2.0 events/sec
2019-09-29 13:34:40,554 TRACE n.a.d.j.g.EventGenerator [Thread-1] Generator( Test ) generated 2.0 events/sec
2019-09-29 13:34:41,559 TRACE n.a.d.j.g.EventGenerator [Thread-1] Generator( Test ) generated 2.0 events/sec
2019-09-29 13:34:42,565 TRACE n.a.d.j.g.EventGenerator [Thread-1] Generator( Test ) generated 2.0 events/sec
2019-09-29 13:34:43,568 TRACE n.a.d.j.g.EventGenerator [Thread-1] Generator( Test ) generated 2.0 events/sec
2019-09-29 13:34:44,573 TRACE n.a.d.j.g.EventGenerator [Thread-1] Generator( Test ) generated 2.0 events/sec
2019-09-29 13:34:45,579 TRACE n.a.d.j.g.EventGenerator [Thread-1] Generator( Test ) generated 2.0 events/sec
2019-09-29 13:34:46,583 TRACE n.a.d.j.g.EventGenerator [Thread-1] Generator( Test ) generated 2.0 events/sec
2019-09-29 13:34:47,586 TRACE n.a.d.j.g.EventGenerator [Thread-1] Generator( Test ) generated 2.0 events/sec
2019-09-29 13:34:48,590 TRACE n.a.d.j.g.EventGenerator [Thread-1] Generator( Test ) generated 2.0 events/sec
2019-09-29 13:34:49,594 TRACE n.a.d.j.g.EventGenerator [Thread-1] Generator( Test ) generated 2.0 events/sec
2019-09-29 13:34:50,600 TRACE n.a.d.j.g.EventGenerator [Thread-1] Generator( Test ) generated 2.0 events/sec
2019-09-29 13:34:51,603 TRACE n.a.d.j.g.EventGenerator [Thread-1] Generator( Test ) generated 2.0 events/sec
2019-09-29 13:34:52,607 TRACE n.a.d.j.g.EventGenerator [Thread-1] Generator( Test ) generated 2.0 events/sec
2019-09-29 13:34:53,611 TRACE n.a.d.j.g.EventGenerator [Thread-1] Generator( Test ) generated 2.0 events/sec
2019-09-29 13:34:54,616 TRACE n.a.d.j.g.EventGenerator [Thread-1] Generator( Test ) generated 2.0 events/sec
2019-09-29 13:34:55,623 TRACE n.a.d.j.g.EventGenerator [Thread-1] Generator( Test ) generated 2.0 events/sec
2019-09-29 13:34:56,627 TRACE n.a.d.j.g.EventGenerator [Thread-1] Generator( Test ) generated 2.0 events/sec
2019-09-29 13:34:57,631 TRACE n.a.d.j.g.EventGenerator [Thread-1] Generator( Test ) generated 2.0 events/sec
2019-09-29 13:34:58,635 TRACE n.a.d.j.g.EventGenerator [Thread-1] Generator( Test ) generated 2.0 events/sec
2019-09-29 13:34:59,638 TRACE n.a.d.j.g.EventGenerator [Thread-1] Generator( Test ) generated 2.0 events/sec
2019-09-29 13:35:00,644 TRACE n.a.d.j.g.EventGenerator [Thread-1] Generator( Test ) generated 2.0 events/sec
2019-09-29 13:35:01,652 TRACE n.a.d.j.g.EventGenerator [Thread-1] Generator( Test ) generated 2.0 events/sec
2019-09-29 13:35:02,657 TRACE n.a.d.j.g.EventGenerator [Thread-1] Generator( Test ) generated 2.0 events/sec
2019-09-29 13:35:03,661 TRACE n.a.d.j.g.EventGenerator [Thread-1] Generator( Test ) generated 2.0 events/sec
2019-09-29 13:35:04,665 TRACE n.a.d.j.g.EventGenerator [Thread-1] Generator( Test ) generated 2.0 events/sec
2019-09-29 13:35:05,671 TRACE n.a.d.j.g.EventGenerator [Thread-1] Generator( Test ) generated 2.0 events/sec
2019-09-29 13:35:06,677 TRACE n.a.d.j.g.EventGenerator [Thread-1] Generator( Test ) generated 2.0 events/sec
2019-09-29 13:35:07,681 TRACE n.a.d.j.g.EventGenerator [Thread-1] Generator( Test ) generated 2.0 events/sec
2019-09-29 13:35:08,686 TRACE n.a.d.j.g.EventGenerator [Thread-1] Generator( Test ) generated 2.0 events/sec
2019-09-29 13:35:09,690 TRACE n.a.d.j.g.EventGenerator [Thread-1] Generator( Test ) generated 2.0 events/sec
2019-09-29 13:35:10,696 TRACE n.a.d.j.g.EventGenerator [Thread-1] Generator( Test ) generated 2.0 events/sec
2019-09-29 13:35:11,698 TRACE n.a.d.j.g.EventGenerator [Thread-1] Generator( Test ) generated 2.0 events/sec
2019-09-29 13:35:12,703 TRACE n.a.d.j.g.EventGenerator [Thread-1] Generator( Test ) generated 2.0 events/sec
2019-09-29 13:35:13,706 TRACE n.a.d.j.g.EventGenerator [Thread-1] Generator( Test ) generated 2.0 events/sec
2019-09-29 13:35:14,711 TRACE n.a.d.j.g.EventGenerator [Thread-1] Generator( Test ) generated 2.0 events/sec
2019-09-29 13:35:15,718 TRACE n.a.d.j.g.EventGenerator [Thread-1] Generator( Test ) generated 2.0 events/sec
2019-09-29 13:35:16,722 TRACE n.a.d.j.g.EventGenerator [Thread-1] Generator( Test ) generated 2.0 events/sec
2019-09-29 13:35:17,725 TRACE n.a.d.j.g.EventGenerator [Thread-1] Generator( Test ) generated 2.0 events/sec
2019-09-29 13:35:18,728 TRACE n.a.d.j.g.EventGenerator [Thread-1] Generator( Test ) generated 2.0 events/sec
2019-09-29 13:35:19,730 TRACE n.a.d.j.g.EventGenerator [Thread-1] Generator( Test ) generated 2.0 events/sec
2019-09-29 13:35:20,735 TRACE n.a.d.j.g.EventGenerator [Thread-1] Generator( Test ) generated 2.0 events/sec
2019-09-29 13:35:21,737 TRACE n.a.d.j.g.EventGenerator [Thread-1] Generator( Test ) generated 2.0 events/sec
2019-09-29 13:35:22,740 TRACE n.a.d.j.g.EventGenerator [Thread-1] Generator( Test ) generated 2.0 events/sec
2019-09-29 13:35:23,745 TRACE n.a.d.j.g.EventGenerator [Thread-1] Generator( Test ) generated 2.0 events/sec
2019-09-29 13:35:24,749 TRACE n.a.d.j.g.EventGenerator [Thread-1] Generator( Test ) generated 2.0 events/sec
2019-09-29 13:35:25,756 TRACE n.a.d.j.g.EventGenerator [Thread-1] Generator( Test ) generated 2.0 events/sec
2019-09-29 13:35:26,760 TRACE n.a.d.j.g.EventGenerator [Thread-1] Generator( Test ) generated 2.0 events/sec
2019-09-29 13:35:27,764 TRACE n.a.d.j.g.EventGenerator [Thread-1] Generator( Test ) generated 2.0 events/sec
2019-09-29 13:35:28,767 TRACE n.a.d.j.g.EventGenerator [Thread-1] Generator( Test ) generated 2.0 events/sec
2019-09-29 13:35:29,771 TRACE n.a.d.j.g.EventGenerator [Thread-1] Generator( Test ) generated 2.0 events/sec
2019-09-29 13:35:30,781 TRACE n.a.d.j.g.EventGenerator [Thread-1] Generator( Test ) generated 2.0 events/sec
2019-09-29 13:35:31,786 TRACE n.a.d.j.g.EventGenerator [Thread-1] Generator( Test ) generated 2.0 events/sec
2019-09-29 13:35:32,790 TRACE n.a.d.j.g.EventGenerator [Thread-1] Generator( Test ) generated 2.0 events/sec
2019-09-29 13:35:33,795 TRACE n.a.d.j.g.EventGenerator [Thread-1] Generator( Test ) generated 2.0 events/sec
2019-09-29 13:35:34,799 TRACE n.a.d.j.g.EventGenerator [Thread-1] Generator( Test ) generated 2.0 events/sec
2019-09-29 13:35:35,802 TRACE n.a.d.j.g.EventGenerator [Thread-1] Generator( Test ) generated 2.0 events/sec
2019-09-29 13:35:36,807 TRACE n.a.d.j.g.EventGenerator [Thread-1] Generator( Test ) generated 2.0 events/sec
2019-09-29 13:35:37,810 TRACE n.a.d.j.g.EventGenerator [Thread-1] Generator( Test ) generated 2.0 events/sec
2019-09-29 13:35:38,813 TRACE n.a.d.j.g.EventGenerator [Thread-1] Generator( Test ) generated 2.0 events/sec
2019-09-29 13:35:39,817 TRACE n.a.d.j.g.EventGenerator [Thread-1] Generator( Test ) generated 2.0 events/sec
2019-09-29 13:35:40,824 TRACE n.a.d.j.g.EventGenerator [Thread-1] Generator( Test ) generated 2.0 events/sec
2019-09-29 13:35:41,827 TRACE n.a.d.j.g.EventGenerator [Thread-1] Generator( Test ) generated 2.0 events/sec
2019-09-29 13:35:42,831 TRACE n.a.d.j.g.EventGenerator [Thread-1] Generator( Test ) generated 2.0 events/sec
2019-09-29 13:35:43,834 TRACE n.a.d.j.g.EventGenerator [Thread-1] Generator( Test ) generated 2.0 events/sec
2019-09-29 13:35:44,839 TRACE n.a.d.j.g.EventGenerator [Thread-1] Generator( Test ) generated 2.0 events/sec
2019-09-29 13:35:45,854 TRACE n.a.d.j.g.EventGenerator [Thread-1] Generator( Test ) generated 2.0 events/sec
2019-09-29 13:35:46,858 TRACE n.a.d.j.g.EventGenerator [Thread-1] Generator( Test ) generated 2.0 events/sec
2019-09-29 13:35:47,863 TRACE n.a.d.j.g.EventGenerator [Thread-1] Generator( Test ) generated 2.0 events/sec
2019-09-29 13:35:48,867 TRACE n.a.d.j.g.EventGenerator [Thread-1] Generator( Test ) generated 2.0 events/sec
2019-09-29 13:35:49,872 TRACE n.a.d.j.g.EventGenerator [Thread-1] Generator( Test ) generated 2.0 events/sec
2019-09-29 13:35:50,885 TRACE n.a.d.j.g.EventGenerator [Thread-1] Generator( Test ) generated 2.0 events/sec
2019-09-29 13:35:51,889 TRACE n.a.d.j.g.EventGenerator [Thread-1] Generator( Test ) generated 2.0 events/sec
2019-09-29 13:35:52,894 TRACE n.a.d.j.g.EventGenerator [Thread-1] Generator( Test ) generated 2.0 events/sec
2019-09-29 13:35:53,898 TRACE n.a.d.j.g.EventGenerator [Thread-1] Generator( Test ) generated 2.0 events/sec
2019-09-29 13:35:54,903 TRACE n.a.d.j.g.EventGenerator [Thread-1] Generator( Test ) generated 2.0 events/sec
2019-09-29 13:35:55,959 TRACE n.a.d.j.g.EventGenerator [Thread-1] Generator( Test ) generated 2.0 events/sec
2019-09-29 13:35:56,962 TRACE n.a.d.j.g.EventGenerator [Thread-1] Generator( Test ) generated 2.0 events/sec
2019-09-29 13:35:57,965 TRACE n.a.d.j.g.EventGenerator [Thread-1] Generator( Test ) generated 2.0 events/sec
2019-09-29 13:35:58,971 TRACE n.a.d.j.g.EventGenerator [Thread-1] Generator( Test ) generated 2.0 events/sec
